[18:49:04] [main/INFO] (FabricLoader/GameProvider) Loading Minecraft 1.19.2 with Fabric Loader 0.14.21
[18:49:04] [main/DEBUG] (FabricLoader/GamePatch) Found game constructor: net.minecraft.client.main.Main -> net.minecraft.client.MinecraftClient
[18:49:04] [main/DEBUG] (FabricLoader/GamePatch) Patching game constructor <init>(Lnet/minecraft/client/RunArgs;)V
[18:49:04] [main/DEBUG] (FabricLoader/GamePatch) Run directory field is thought to be net/minecraft/client/MinecraftClient/runDirectory
[18:49:04] [main/DEBUG] (FabricLoader/GamePatch) Applying brand name hook to net/minecraft/client/ClientBrandRetriever::getClientModName
[18:49:04] [main/DEBUG] (FabricLoader/GamePatch) Applying brand name hook to net/minecraft/server/MinecraftServer::getServerModName
[18:49:04] [main/DEBUG] (FabricLoader/GamePatch) Patched 3 classs
[18:49:04] [main/DEBUG] (FabricLoader/Discovery) Mod discovery time: 177.7 ms
[18:49:04] [main/DEBUG] (FabricLoader/Resolution) Mod resolution time: 151.6 ms
[18:49:04] [main/INFO] (FabricLoader) Loading 47 mods:
	- fabric-api 0.76.0+1.19.2
	- fabric-api-base 0.4.15+8f4e8eb390
	- fabric-api-lookup-api-v1 1.6.14+93d8cb8290
	- fabric-biome-api-v1 9.1.1+16f1e31390
	- fabric-block-api-v1 1.0.2+e415d50e90
	- fabric-blockrenderlayer-v1 1.1.25+cafc6e8e90
	- fabric-client-tags-api-v1 1.0.5+b35fea8390
	- fabric-command-api-v2 2.2.1+413cbbc790
	- fabric-content-registries-v0 3.5.2+7c6cd14d90
	- fabric-convention-tags-v1 1.3.0+4bc6e26290
	- fabric-crash-report-info-v1 0.2.8+aeb40ebe90
	- fabric-data-generation-api-v1 5.3.8+413cbbc790
	- fabric-dimensions-v1 2.1.35+0d0f210290
	- fabric-entity-events-v1 1.5.4+9244241690
	- fabric-events-interaction-v0 0.4.34+562bff6e90
	- fabric-game-rule-api-v1 1.0.24+b6b6abb490
	- fabric-gametest-api-v1 1.1.8+4d0d570390
	- fabric-item-api-v1 1.6.6+b7d1888890
	- fabric-item-groups-v0 0.3.39+9244241690
	- fabric-key-binding-api-v1 1.0.25+5c4fce2890
	- fabric-lifecycle-events-v1 2.2.4+1b46dc7890
	- fabric-loot-api-v2 1.1.13+83a8659290
	- fabric-message-api-v1 5.0.7+93d8cb8290
	- fabric-mining-level-api-v1 2.1.24+33fbc73890
	- fabric-models-v0 0.3.21+c6af733c90
	- fabric-networking-api-v1 1.2.11+10eb22f490
	- fabric-object-builder-api-v1 4.2.2+d8ef690890
	- fabric-particles-v1 1.0.14+4d0d570390
	- fabric-recipe-api-v1 1.0.1+413cbbc790
	- fabric-registry-sync-v0 0.9.32+9244241690
	- fabric-renderer-api-v1 1.2.1+1adbf27790
	- fabric-renderer-indigo 0.8.0+1adbf27790
	- fabric-rendering-data-attachment-v1 0.3.19+6e0787e690
	- fabric-rendering-fluids-v1 3.0.11+4d0d570390
	- fabric-rendering-v1 1.12.1+d8ef690890
	- fabric-resource-conditions-api-v1 2.1.2+aae9039d90
	- fabric-resource-loader-v0 0.8.4+edbdcddb90
	- fabric-screen-api-v1 1.0.32+4d0d570390
	- fabric-screen-handler-api-v1 1.3.7+1cc24b1b90
	- fabric-sound-api-v1 1.0.2+c4f28df590
	- fabric-textures-v0 1.0.24+aeb40ebe90
	- fabric-transfer-api-v1 2.1.6+413cbbc790
	- fabric-transitive-access-wideners-v1 1.3.3+08b73de490
	- fabricloader 0.14.21
	- java 19
	- minecraft 1.19.2
	- rings 0.0.1-1.19.2
[18:49:04] [main/DEBUG] (FabricLoader/Knot) Adding C:\Users\asus\IdeaProjects\Rings\.gradle\loom-cache\remapped_mods\net_fabricmc_yarn_1_19_2_1_19_2_build_28_v2\net\fabricmc\fabric-api\fabric-screen-api-v1\1.0.32+4d0d570390\fabric-screen-api-v1-1.0.32+4d0d570390.jar to classpath.
[18:49:04] [main/DEBUG] (FabricLoader/Knot) Adding C:\Users\asus\IdeaProjects\Rings\.gradle\loom-cache\remapped_mods\net_fabricmc_yarn_1_19_2_1_19_2_build_28_v2\net\fabricmc\fabric-api\fabric-registry-sync-v0\0.9.32+9244241690\fabric-registry-sync-v0-0.9.32+9244241690.jar to classpath.
[18:49:04] [main/DEBUG] (FabricLoader/Knot) Adding C:\Users\asus\IdeaProjects\Rings\.gradle\loom-cache\remapped_mods\net_fabricmc_yarn_1_19_2_1_19_2_build_28_v2\net\fabricmc\fabric-api\fabric-transitive-access-wideners-v1\1.3.3+08b73de490\fabric-transitive-access-wideners-v1-1.3.3+08b73de490.jar to classpath.
[18:49:04] [main/DEBUG] (FabricLoader/Knot) Adding C:\Users\asus\IdeaProjects\Rings\.gradle\loom-cache\remapped_mods\net_fabricmc_yarn_1_19_2_1_19_2_build_28_v2\net\fabricmc\fabric-api\fabric-events-interaction-v0\0.4.34+562bff6e90\fabric-events-interaction-v0-0.4.34+562bff6e90.jar to classpath.
[18:49:04] [main/DEBUG] (FabricLoader/Knot) Adding C:\Users\asus\IdeaProjects\Rings\.gradle\loom-cache\remapped_mods\net_fabricmc_yarn_1_19_2_1_19_2_build_28_v2\net\fabricmc\fabric-api\fabric-rendering-fluids-v1\3.0.11+4d0d570390\fabric-rendering-fluids-v1-3.0.11+4d0d570390.jar to classpath.
[18:49:04] [main/DEBUG] (FabricLoader/Knot) Adding C:\Users\asus\IdeaProjects\Rings\.gradle\loom-cache\remapped_mods\net_fabricmc_yarn_1_19_2_1_19_2_build_28_v2\net\fabricmc\fabric-api\fabric-data-generation-api-v1\5.3.8+413cbbc790\fabric-data-generation-api-v1-5.3.8+413cbbc790.jar to classpath.
[18:49:04] [main/DEBUG] (FabricLoader/Knot) Adding C:\Users\asus\IdeaProjects\Rings\.gradle\loom-cache\remapped_mods\net_fabricmc_yarn_1_19_2_1_19_2_build_28_v2\net\fabricmc\fabric-api\fabric-message-api-v1\5.0.7+93d8cb8290\fabric-message-api-v1-5.0.7+93d8cb8290.jar to classpath.
[18:49:05] [main/DEBUG] (FabricLoader/Knot) Adding C:\Users\asus\IdeaProjects\Rings\.gradle\loom-cache\remapped_mods\net_fabricmc_yarn_1_19_2_1_19_2_build_28_v2\net\fabricmc\fabric-api\fabric-resource-conditions-api-v1\2.1.2+aae9039d90\fabric-resource-conditions-api-v1-2.1.2+aae9039d90.jar to classpath.
[18:49:05] [main/DEBUG] (FabricLoader/Knot) Adding C:\Users\asus\IdeaProjects\Rings\.gradle\loom-cache\remapped_mods\net_fabricmc_yarn_1_19_2_1_19_2_build_28_v2\net\fabricmc\fabric-api\fabric-renderer-indigo\0.8.0+1adbf27790\fabric-renderer-indigo-0.8.0+1adbf27790.jar to classpath.
[18:49:05] [main/DEBUG] (FabricLoader/Knot) Adding C:\Users\asus\IdeaProjects\Rings\.gradle\loom-cache\remapped_mods\net_fabricmc_yarn_1_19_2_1_19_2_build_28_v2\net\fabricmc\fabric-api\fabric-api-base\0.4.15+8f4e8eb390\fabric-api-base-0.4.15+8f4e8eb390.jar to classpath.
[18:49:05] [main/DEBUG] (FabricLoader/Knot) Adding C:\Users\asus\IdeaProjects\Rings\.gradle\loom-cache\remapped_mods\net_fabricmc_yarn_1_19_2_1_19_2_build_28_v2\net\fabricmc\fabric-api\fabric-renderer-api-v1\1.2.1+1adbf27790\fabric-renderer-api-v1-1.2.1+1adbf27790.jar to classpath.
[18:49:05] [main/DEBUG] (FabricLoader/Knot) Adding C:\Users\asus\IdeaProjects\Rings\.gradle\loom-cache\remapped_mods\net_fabricmc_yarn_1_19_2_1_19_2_build_28_v2\net\fabricmc\fabric-api\fabric-game-rule-api-v1\1.0.24+b6b6abb490\fabric-game-rule-api-v1-1.0.24+b6b6abb490.jar to classpath.
[18:49:05] [main/DEBUG] (FabricLoader/Knot) Adding C:\Users\asus\IdeaProjects\Rings\.gradle\loom-cache\remapped_mods\net_fabricmc_yarn_1_19_2_1_19_2_build_28_v2\net\fabricmc\fabric-api\fabric-loot-api-v2\1.1.13+83a8659290\fabric-loot-api-v2-1.1.13+83a8659290.jar to classpath.
[18:49:05] [main/DEBUG] (FabricLoader/Knot) Adding C:\Users\asus\IdeaProjects\Rings\.gradle\loom-cache\remapped_mods\net_fabricmc_yarn_1_19_2_1_19_2_build_28_v2\net\fabricmc\fabric-api\fabric-crash-report-info-v1\0.2.8+aeb40ebe90\fabric-crash-report-info-v1-0.2.8+aeb40ebe90.jar to classpath.
[18:49:05] [main/DEBUG] (FabricLoader/Knot) Adding C:\Users\asus\IdeaProjects\Rings\.gradle\loom-cache\remapped_mods\net_fabricmc_yarn_1_19_2_1_19_2_build_28_v2\net\fabricmc\fabric-api\fabric-convention-tags-v1\1.3.0+4bc6e26290\fabric-convention-tags-v1-1.3.0+4bc6e26290.jar to classpath.
[18:49:05] [main/DEBUG] (FabricLoader/Knot) Adding C:\Users\asus\IdeaProjects\Rings\.gradle\loom-cache\remapped_mods\net_fabricmc_yarn_1_19_2_1_19_2_build_28_v2\net\fabricmc\fabric-api\fabric-networking-api-v1\1.2.11+10eb22f490\fabric-networking-api-v1-1.2.11+10eb22f490.jar to classpath.
[18:49:05] [main/DEBUG] (FabricLoader/Knot) Adding C:\Users\asus\IdeaProjects\Rings\build\resources\main to classpath.
[18:49:05] [main/DEBUG] (FabricLoader/Knot) Adding C:\Users\asus\IdeaProjects\Rings\.gradle\loom-cache\remapped_mods\net_fabricmc_yarn_1_19_2_1_19_2_build_28_v2\net\fabricmc\fabric-api\fabric-textures-v0\1.0.24+aeb40ebe90\fabric-textures-v0-1.0.24+aeb40ebe90.jar to classpath.
[18:49:05] [main/DEBUG] (FabricLoader/Knot) Adding C:\Users\asus\IdeaProjects\Rings\.gradle\loom-cache\remapped_mods\net_fabricmc_yarn_1_19_2_1_19_2_build_28_v2\net\fabricmc\fabric-api\fabric-gametest-api-v1\1.1.8+4d0d570390\fabric-gametest-api-v1-1.1.8+4d0d570390.jar to classpath.
[18:49:05] [main/DEBUG] (FabricLoader/Knot) Adding C:\Users\asus\IdeaProjects\Rings\.gradle\loom-cache\remapped_mods\net_fabricmc_yarn_1_19_2_1_19_2_build_28_v2\net\fabricmc\fabric-api\fabric-sound-api-v1\1.0.2+c4f28df590\fabric-sound-api-v1-1.0.2+c4f28df590.jar to classpath.
[18:49:05] [main/DEBUG] (FabricLoader/Knot) Adding C:\Users\asus\IdeaProjects\Rings\.gradle\loom-cache\remapped_mods\net_fabricmc_yarn_1_19_2_1_19_2_build_28_v2\net\fabricmc\fabric-api\fabric-recipe-api-v1\1.0.1+413cbbc790\fabric-recipe-api-v1-1.0.1+413cbbc790.jar to classpath.
[18:49:05] [main/DEBUG] (FabricLoader/Knot) Adding C:\Users\asus\IdeaProjects\Rings\.gradle\loom-cache\remapped_mods\net_fabricmc_yarn_1_19_2_1_19_2_build_28_v2\net\fabricmc\fabric-api\fabric-lifecycle-events-v1\2.2.4+1b46dc7890\fabric-lifecycle-events-v1-2.2.4+1b46dc7890.jar to classpath.
[18:49:05] [main/DEBUG] (FabricLoader/Knot) Adding C:\Users\asus\IdeaProjects\Rings\.gradle\loom-cache\remapped_mods\net_fabricmc_yarn_1_19_2_1_19_2_build_28_v2\net\fabricmc\fabric-api\fabric-client-tags-api-v1\1.0.5+b35fea8390\fabric-client-tags-api-v1-1.0.5+b35fea8390.jar to classpath.
[18:49:05] [main/DEBUG] (FabricLoader/Knot) Adding C:\Users\asus\IdeaProjects\Rings\.gradle\loom-cache\remapped_mods\net_fabricmc_yarn_1_19_2_1_19_2_build_28_v2\net\fabricmc\fabric-api\fabric-command-api-v2\2.2.1+413cbbc790\fabric-command-api-v2-2.2.1+413cbbc790.jar to classpath.
[18:49:05] [main/DEBUG] (FabricLoader/Knot) Adding C:\Users\asus\IdeaProjects\Rings\.gradle\loom-cache\remapped_mods\net_fabricmc_yarn_1_19_2_1_19_2_build_28_v2\net\fabricmc\fabric-api\fabric-screen-handler-api-v1\1.3.7+1cc24b1b90\fabric-screen-handler-api-v1-1.3.7+1cc24b1b90.jar to classpath.
[18:49:05] [main/DEBUG] (FabricLoader/Knot) Adding C:\Users\asus\IdeaProjects\Rings\.gradle\loom-cache\remapped_mods\net_fabricmc_yarn_1_19_2_1_19_2_build_28_v2\net\fabricmc\fabric-api\fabric-content-registries-v0\3.5.2+7c6cd14d90\fabric-content-registries-v0-3.5.2+7c6cd14d90.jar to classpath.
[18:49:05] [main/DEBUG] (FabricLoader/Knot) Adding C:\Users\asus\IdeaProjects\Rings\.gradle\loom-cache\remapped_mods\net_fabricmc_yarn_1_19_2_1_19_2_build_28_v2\net\fabricmc\fabric-api\fabric-models-v0\0.3.21+c6af733c90\fabric-models-v0-0.3.21+c6af733c90.jar to classpath.
[18:49:05] [main/DEBUG] (FabricLoader/Knot) Adding C:\Users\asus\IdeaProjects\Rings\.gradle\loom-cache\remapped_mods\net_fabricmc_yarn_1_19_2_1_19_2_build_28_v2\net\fabricmc\fabric-api\fabric-rendering-v1\1.12.1+d8ef690890\fabric-rendering-v1-1.12.1+d8ef690890.jar to classpath.
[18:49:05] [main/DEBUG] (FabricLoader/Knot) Adding C:\Users\asus\IdeaProjects\Rings\.gradle\loom-cache\remapped_mods\net_fabricmc_yarn_1_19_2_1_19_2_build_28_v2\net\fabricmc\fabric-api\fabric-resource-loader-v0\0.8.4+edbdcddb90\fabric-resource-loader-v0-0.8.4+edbdcddb90.jar to classpath.
[18:49:05] [main/DEBUG] (FabricLoader/Knot) Adding C:\Users\asus\IdeaProjects\Rings\.gradle\loom-cache\remapped_mods\net_fabricmc_yarn_1_19_2_1_19_2_build_28_v2\net\fabricmc\fabric-api\fabric-object-builder-api-v1\4.2.2+d8ef690890\fabric-object-builder-api-v1-4.2.2+d8ef690890.jar to classpath.
[18:49:05] [main/DEBUG] (FabricLoader/Knot) Adding C:\Users\asus\IdeaProjects\Rings\.gradle\loom-cache\remapped_mods\net_fabricmc_yarn_1_19_2_1_19_2_build_28_v2\net\fabricmc\fabric-api\fabric-blockrenderlayer-v1\1.1.25+cafc6e8e90\fabric-blockrenderlayer-v1-1.1.25+cafc6e8e90.jar to classpath.
[18:49:05] [main/DEBUG] (FabricLoader/Knot) Adding C:\Users\asus\IdeaProjects\Rings\.gradle\loom-cache\remapped_mods\net_fabricmc_yarn_1_19_2_1_19_2_build_28_v2\net\fabricmc\fabric-api\fabric-entity-events-v1\1.5.4+9244241690\fabric-entity-events-v1-1.5.4+9244241690.jar to classpath.
[18:49:05] [main/DEBUG] (FabricLoader/Knot) Adding C:\Users\asus\IdeaProjects\Rings\.gradle\loom-cache\remapped_mods\net_fabricmc_yarn_1_19_2_1_19_2_build_28_v2\net\fabricmc\fabric-api\fabric-mining-level-api-v1\2.1.24+33fbc73890\fabric-mining-level-api-v1-2.1.24+33fbc73890.jar to classpath.
[18:49:05] [main/DEBUG] (FabricLoader/Knot) Adding C:\Users\asus\IdeaProjects\Rings\.gradle\loom-cache\remapped_mods\net_fabricmc_yarn_1_19_2_1_19_2_build_28_v2\net\fabricmc\fabric-api\fabric-item-groups-v0\0.3.39+9244241690\fabric-item-groups-v0-0.3.39+9244241690.jar to classpath.
[18:49:05] [main/DEBUG] (FabricLoader/Knot) Adding C:\Users\asus\IdeaProjects\Rings\.gradle\loom-cache\remapped_mods\net_fabricmc_yarn_1_19_2_1_19_2_build_28_v2\net\fabricmc\fabric-api\fabric-rendering-data-attachment-v1\0.3.19+6e0787e690\fabric-rendering-data-attachment-v1-0.3.19+6e0787e690.jar to classpath.
[18:49:05] [main/DEBUG] (FabricLoader/Knot) Adding C:\Users\asus\IdeaProjects\Rings\.gradle\loom-cache\remapped_mods\net_fabricmc_yarn_1_19_2_1_19_2_build_28_v2\net\fabricmc\fabric-api\fabric-item-api-v1\1.6.6+b7d1888890\fabric-item-api-v1-1.6.6+b7d1888890.jar to classpath.
[18:49:05] [main/DEBUG] (FabricLoader/Knot) Adding C:\Users\asus\IdeaProjects\Rings\.gradle\loom-cache\remapped_mods\net_fabricmc_yarn_1_19_2_1_19_2_build_28_v2\net\fabricmc\fabric-api\fabric-particles-v1\1.0.14+4d0d570390\fabric-particles-v1-1.0.14+4d0d570390.jar to classpath.
[18:49:05] [main/DEBUG] (FabricLoader/Knot) Adding C:\Users\asus\IdeaProjects\Rings\.gradle\loom-cache\remapped_mods\net_fabricmc_yarn_1_19_2_1_19_2_build_28_v2\net\fabricmc\fabric-api\fabric-dimensions-v1\2.1.35+0d0f210290\fabric-dimensions-v1-2.1.35+0d0f210290.jar to classpath.
[18:49:05] [main/DEBUG] (FabricLoader/Knot) Adding C:\Users\asus\IdeaProjects\Rings\.gradle\loom-cache\remapped_mods\net_fabricmc_yarn_1_19_2_1_19_2_build_28_v2\net\fabricmc\fabric-api\fabric-key-binding-api-v1\1.0.25+5c4fce2890\fabric-key-binding-api-v1-1.0.25+5c4fce2890.jar to classpath.
[18:49:05] [main/DEBUG] (FabricLoader/Knot) Adding C:\Users\asus\IdeaProjects\Rings\.gradle\loom-cache\remapped_mods\net_fabricmc_yarn_1_19_2_1_19_2_build_28_v2\net\fabricmc\fabric-api\fabric-transfer-api-v1\2.1.6+413cbbc790\fabric-transfer-api-v1-2.1.6+413cbbc790.jar to classpath.
[18:49:05] [main/DEBUG] (FabricLoader/Knot) Adding C:\Users\asus\IdeaProjects\Rings\.gradle\loom-cache\remapped_mods\net_fabricmc_yarn_1_19_2_1_19_2_build_28_v2\net\fabricmc\fabric-api\fabric-api-lookup-api-v1\1.6.14+93d8cb8290\fabric-api-lookup-api-v1-1.6.14+93d8cb8290.jar to classpath.
[18:49:05] [main/DEBUG] (FabricLoader/Knot) Adding C:\Users\asus\IdeaProjects\Rings\.gradle\loom-cache\remapped_mods\net_fabricmc_yarn_1_19_2_1_19_2_build_28_v2\net\fabricmc\fabric-api\fabric-biome-api-v1\9.1.1+16f1e31390\fabric-biome-api-v1-9.1.1+16f1e31390.jar to classpath.
[18:49:05] [main/DEBUG] (FabricLoader/Knot) Adding C:\Users\asus\IdeaProjects\Rings\.gradle\loom-cache\remapped_mods\net_fabricmc_yarn_1_19_2_1_19_2_build_28_v2\net\fabricmc\fabric-api\fabric-block-api-v1\1.0.2+e415d50e90\fabric-block-api-v1-1.0.2+e415d50e90.jar to classpath.
[18:49:05] [main/DEBUG] (FabricLoader/Knot) Adding C:\Users\asus\IdeaProjects\Rings\.gradle\loom-cache\remapped_mods\net_fabricmc_yarn_1_19_2_1_19_2_build_28_v2\net\fabricmc\fabric-api\fabric-api\0.76.0+1.19.2\fabric-api-0.76.0+1.19.2.jar to classpath.
[18:49:05] [main/DEBUG] (FabricLoader/Entrypoint) Registering new-style initializer net.fabricmc.fabric.impl.client.registry.sync.FabricRegistryClientInit for mod fabric-registry-sync-v0 (key client)
[18:49:05] [main/DEBUG] (FabricLoader/Entrypoint) Registering new-style initializer net.fabricmc.fabric.impl.registry.sync.FabricRegistryInit for mod fabric-registry-sync-v0 (key main)
[18:49:05] [main/DEBUG] (FabricLoader/Entrypoint) Registering new-style initializer net.fabricmc.fabric.impl.event.interaction.InteractionEventsRouterClient for mod fabric-events-interaction-v0 (key client)
[18:49:05] [main/DEBUG] (FabricLoader/Entrypoint) Registering new-style initializer net.fabricmc.fabric.impl.event.interaction.InteractionEventsRouter for mod fabric-events-interaction-v0 (key main)
[18:49:05] [main/DEBUG] (FabricLoader/Entrypoint) Registering new-style initializer net.fabricmc.fabric.impl.client.indigo.Indigo for mod fabric-renderer-indigo (key client)
[18:49:05] [main/DEBUG] (FabricLoader/Entrypoint) Registering new-style initializer net.fabricmc.fabric.impl.networking.client.ClientNetworkingImpl::clientInit for mod fabric-networking-api-v1 (key client)
[18:49:05] [main/DEBUG] (FabricLoader/Entrypoint) Registering new-style initializer net.fabricmc.fabric.impl.networking.NetworkingImpl::init for mod fabric-networking-api-v1 (key main)
[18:49:05] [main/DEBUG] (FabricLoader/Entrypoint) Registering new-style initializer net.kevydevy.rings.client.RingsClient for mod rings (key client)
[18:49:05] [main/DEBUG] (FabricLoader/Entrypoint) Registering new-style initializer net.kevydevy.rings.Rings for mod rings (key main)
[18:49:05] [main/DEBUG] (FabricLoader/Entrypoint) Registering new-style initializer net.fabricmc.fabric.impl.gametest.FabricGameTestModInitializer for mod fabric-gametest-api-v1 (key main)
[18:49:05] [main/DEBUG] (FabricLoader/Entrypoint) Registering new-style initializer net.fabricmc.fabric.impl.recipe.ingredient.client.CustomIngredientSyncClient for mod fabric-recipe-api-v1 (key client)
[18:49:05] [main/DEBUG] (FabricLoader/Entrypoint) Registering new-style initializer net.fabricmc.fabric.impl.recipe.ingredient.CustomIngredientInit for mod fabric-recipe-api-v1 (key main)
[18:49:05] [main/DEBUG] (FabricLoader/Entrypoint) Registering new-style initializer net.fabricmc.fabric.impl.recipe.ingredient.CustomIngredientSync for mod fabric-recipe-api-v1 (key main)
[18:49:05] [main/DEBUG] (FabricLoader/Entrypoint) Registering new-style initializer net.fabricmc.fabric.impl.client.event.lifecycle.ClientLifecycleEventsImpl for mod fabric-lifecycle-events-v1 (key client)
[18:49:05] [main/DEBUG] (FabricLoader/Entrypoint) Registering new-style initializer net.fabricmc.fabric.impl.event.lifecycle.LifecycleEventsImpl for mod fabric-lifecycle-events-v1 (key main)
[18:49:05] [main/DEBUG] (FabricLoader/Entrypoint) Registering new-style initializer net.fabricmc.fabric.impl.screenhandler.client.ClientNetworking for mod fabric-screen-handler-api-v1 (key client)
[18:49:05] [main/DEBUG] (FabricLoader/Entrypoint) Registering new-style initializer net.fabricmc.fabric.impl.lookup.ApiLookupImpl for mod fabric-api-lookup-api-v1 (key main)
[18:49:05] [main/INFO] (FabricLoader/Mappings) Mappings not present!
[18:49:05] [main/INFO] (FabricLoader/Mixin) SpongePowered MIXIN Subsystem Version=0.8.5 Source=file:/C:/Users/asus/.gradle/caches/modules-2/files-2.1/net.fabricmc/sponge-mixin/0.12.5+mixin.0.8.5/8d31fb97c3e0cd7c8dad3441851c523bcfae6d8e/sponge-mixin-0.12.5+mixin.0.8.5.jar Service=Knot/Fabric Env=CLIENT
[18:49:05] [main/DEBUG] (FabricLoader/Mixin) Error cleaning class output directory: .mixin.out
[18:49:05] [main/DEBUG] (FabricLoader/Mixin) Initialising Mixin Platform Manager
[18:49:05] [main/DEBUG] (FabricLoader/Mixin) Adding mixin platform agents for container ContainerHandleURI(file:///C:/Users/asus/.gradle/caches/modules-2/files-2.1/net.fabricmc/fabric-loader/0.14.21/960c8a415d93c128bfb630abbc3c7c9e1ba48637/fabric-loader-0.14.21.jar)
[18:49:05] [main/DEBUG] (FabricLoader/Mixin) Instancing new MixinPlatformAgentDefault for ContainerHandleURI(file:///C:/Users/asus/.gradle/caches/modules-2/files-2.1/net.fabricmc/fabric-loader/0.14.21/960c8a415d93c128bfb630abbc3c7c9e1ba48637/fabric-loader-0.14.21.jar)
[18:49:05] [main/DEBUG] (FabricLoader/Mixin) MixinPlatformAgentDefault accepted container ContainerHandleURI(file:///C:/Users/asus/.gradle/caches/modules-2/files-2.1/net.fabricmc/fabric-loader/0.14.21/960c8a415d93c128bfb630abbc3c7c9e1ba48637/fabric-loader-0.14.21.jar)
[18:49:05] [main/DEBUG] (FabricLoader/Mixin) Instancing new MixinPlatformAgentDefault for ContainerHandleURI(file:///C:/Users/asus/.gradle/caches/modules-2/files-2.1/net.fabricmc/fabric-loader/0.14.21/960c8a415d93c128bfb630abbc3c7c9e1ba48637/fabric-loader-0.14.21.jar)
[18:49:05] [main/DEBUG] (FabricLoader/Mixin) MixinPlatformAgentDefault accepted container ContainerHandleURI(file:///C:/Users/asus/.gradle/caches/modules-2/files-2.1/net.fabricmc/fabric-loader/0.14.21/960c8a415d93c128bfb630abbc3c7c9e1ba48637/fabric-loader-0.14.21.jar)
[18:49:05] [main/DEBUG] (FabricLoader/Mixin) Processing prepare() for PlatformAgent[MixinPlatformAgentDefault:ContainerHandleURI(file:///C:/Users/asus/.gradle/caches/modules-2/files-2.1/net.fabricmc/fabric-loader/0.14.21/960c8a415d93c128bfb630abbc3c7c9e1ba48637/fabric-loader-0.14.21.jar)]
[18:49:05] [main/DEBUG] (FabricLoader/Mixin) Processing prepare() for PlatformAgent[MixinPlatformAgentDefault:ContainerHandleURI(file:///C:/Users/asus/.gradle/caches/modules-2/files-2.1/net.fabricmc/fabric-loader/0.14.21/960c8a415d93c128bfb630abbc3c7c9e1ba48637/fabric-loader-0.14.21.jar)]
[18:49:05] [main/DEBUG] (FabricLoader/Mixin) Compatibility level JAVA_16 specified by fabric-screen-api-v1.mixins.json is higher than the maximum level supported by this version of mixin (JAVA_13).
[18:49:05] [main/INFO] (FabricLoader/Mixin) Compatibility level set to JAVA_16
[18:49:05] [main/DEBUG] (FabricLoader/Mixin) Mixin config fabric-screen-api-v1.mixins.json does not specify "minVersion" property
[18:49:05] [main/DEBUG] (FabricLoader/Mixin) Mixin config fabric-registry-sync-v0.mixins.json does not specify "minVersion" property
[18:49:05] [main/DEBUG] (FabricLoader/Mixin) Mixin config fabric-registry-sync-v0.client.mixins.json does not specify "minVersion" property
[18:49:05] [main/DEBUG] (FabricLoader/Mixin) Mixin config fabric-events-interaction-v0.mixins.json does not specify "minVersion" property
[18:49:05] [main/DEBUG] (FabricLoader/Mixin) Mixin config fabric-events-interaction-v0.client.mixins.json does not specify "minVersion" property
[18:49:05] [main/DEBUG] (FabricLoader/Mixin) Mixin config fabric-rendering-fluids-v1.mixins.json does not specify "minVersion" property
[18:49:05] [main/DEBUG] (FabricLoader/Mixin) Mixin config fabric-data-generation-api-v1.mixins.json does not specify "minVersion" property
[18:49:05] [main/DEBUG] (FabricLoader/Mixin) Mixin config fabric-data-generation-api-v1.client.mixins.json does not specify "minVersion" property
[18:49:05] [main/DEBUG] (FabricLoader/Mixin) Mixin config fabric-message-api-v1.mixins.json does not specify "minVersion" property
[18:49:05] [main/DEBUG] (FabricLoader/Mixin) Mixin config fabric-resource-conditions-api-v1.mixins.json does not specify "minVersion" property
[18:49:05] [main/DEBUG] (FabricLoader/Mixin) Mixin config fabric-renderer-indigo.mixins.json does not specify "minVersion" property
[18:49:05] [main/DEBUG] (FabricLoader/Mixin) Mixin config fabric-renderer-api-v1.mixins.json does not specify "minVersion" property
[18:49:05] [main/DEBUG] (FabricLoader/Mixin) Mixin config fabric-renderer-api-v1.debughud.mixins.json does not specify "minVersion" property
[18:49:05] [main/DEBUG] (FabricLoader/Mixin) Mixin config fabric-game-rule-api-v1.mixins.json does not specify "minVersion" property
[18:49:05] [main/DEBUG] (FabricLoader/Mixin) Mixin config fabric-game-rule-api-v1.client.mixins.json does not specify "minVersion" property
[18:49:05] [main/DEBUG] (FabricLoader/Mixin) Mixin config fabric-loot-api-v2.mixins.json does not specify "minVersion" property
[18:49:05] [main/DEBUG] (FabricLoader/Mixin) Mixin config fabric-crash-report-info-v1.mixins.json does not specify "minVersion" property
[18:49:05] [main/DEBUG] (FabricLoader/Mixin) Mixin config fabric-networking-api-v1.mixins.json does not specify "minVersion" property
[18:49:05] [main/DEBUG] (FabricLoader/Mixin) Mixin config fabric-networking-api-v1.client.mixins.json does not specify "minVersion" property
[18:49:05] [main/DEBUG] (FabricLoader/Mixin) Compatibility level JAVA_17 specified by rings.mixins.json is higher than the maximum level supported by this version of mixin (JAVA_13).
[18:49:05] [main/INFO] (FabricLoader/Mixin) Compatibility level set to JAVA_17
[18:49:05] [main/DEBUG] (FabricLoader/Mixin) Compatibility level JAVA_16 specified by fabric-textures-v0.mixins.json is higher than the maximum level supported by this version of mixin (JAVA_13).
[18:49:05] [main/DEBUG] (FabricLoader/Mixin) Mixin config fabric-textures-v0.mixins.json does not specify "minVersion" property
[18:49:05] [main/DEBUG] (FabricLoader/Mixin) Compatibility level JAVA_16 specified by fabric-gametest-api-v1.mixins.json is higher than the maximum level supported by this version of mixin (JAVA_13).
[18:49:05] [main/DEBUG] (FabricLoader/Mixin) Mixin config fabric-gametest-api-v1.mixins.json does not specify "minVersion" property
[18:49:05] [main/DEBUG] (FabricLoader/Mixin) Mixin config fabric-sound-api-v1.mixins.json does not specify "minVersion" property
[18:49:05] [main/DEBUG] (FabricLoader/Mixin) Mixin config fabric-recipe-api-v1.mixins.json does not specify "minVersion" property
[18:49:05] [main/DEBUG] (FabricLoader/Mixin) Compatibility level JAVA_16 specified by fabric-lifecycle-events-v1.mixins.json is higher than the maximum level supported by this version of mixin (JAVA_13).
[18:49:05] [main/DEBUG] (FabricLoader/Mixin) Mixin config fabric-lifecycle-events-v1.mixins.json does not specify "minVersion" property
[18:49:05] [main/DEBUG] (FabricLoader/Mixin) Compatibility level JAVA_16 specified by fabric-lifecycle-events-v1.client.mixins.json is higher than the maximum level supported by this version of mixin (JAVA_13).
[18:49:05] [main/DEBUG] (FabricLoader/Mixin) Mixin config fabric-lifecycle-events-v1.client.mixins.json does not specify "minVersion" property
[18:49:05] [main/DEBUG] (FabricLoader/Mixin) Compatibility level JAVA_16 specified by fabric-command-api-v2.mixins.json is higher than the maximum level supported by this version of mixin (JAVA_13).
[18:49:05] [main/DEBUG] (FabricLoader/Mixin) Mixin config fabric-command-api-v2.mixins.json does not specify "minVersion" property
[18:49:05] [main/DEBUG] (FabricLoader/Mixin) Compatibility level JAVA_16 specified by fabric-command-api-v2.client.mixins.json is higher than the maximum level supported by this version of mixin (JAVA_13).
[18:49:05] [main/DEBUG] (FabricLoader/Mixin) Mixin config fabric-command-api-v2.client.mixins.json does not specify "minVersion" property
[18:49:05] [main/DEBUG] (FabricLoader/Mixin) Compatibility level JAVA_16 specified by fabric-screen-handler-api-v1.mixins.json is higher than the maximum level supported by this version of mixin (JAVA_13).
[18:49:05] [main/DEBUG] (FabricLoader/Mixin) Mixin config fabric-screen-handler-api-v1.mixins.json does not specify "minVersion" property
[18:49:05] [main/DEBUG] (FabricLoader/Mixin) Compatibility level JAVA_16 specified by fabric-content-registries-v0.mixins.json is higher than the maximum level supported by this version of mixin (JAVA_13).
[18:49:05] [main/DEBUG] (FabricLoader/Mixin) Mixin config fabric-content-registries-v0.mixins.json does not specify "minVersion" property
[18:49:05] [main/DEBUG] (FabricLoader/Mixin) Compatibility level JAVA_16 specified by fabric-models-v0.mixins.json is higher than the maximum level supported by this version of mixin (JAVA_13).
[18:49:05] [main/DEBUG] (FabricLoader/Mixin) Mixin config fabric-models-v0.mixins.json does not specify "minVersion" property
[18:49:05] [main/DEBUG] (FabricLoader/Mixin) Compatibility level JAVA_16 specified by fabric-rendering-v1.mixins.json is higher than the maximum level supported by this version of mixin (JAVA_13).
[18:49:05] [main/DEBUG] (FabricLoader/Mixin) Mixin config fabric-rendering-v1.mixins.json does not specify "minVersion" property
[18:49:05] [main/DEBUG] (FabricLoader/Mixin) Compatibility level JAVA_16 specified by fabric-resource-loader-v0.mixins.json is higher than the maximum level supported by this version of mixin (JAVA_13).
[18:49:05] [main/DEBUG] (FabricLoader/Mixin) Mixin config fabric-resource-loader-v0.mixins.json does not specify "minVersion" property
[18:49:05] [main/DEBUG] (FabricLoader/Mixin) Compatibility level JAVA_16 specified by fabric-resource-loader-v0.client.mixins.json is higher than the maximum level supported by this version of mixin (JAVA_13).
[18:49:05] [main/DEBUG] (FabricLoader/Mixin) Mixin config fabric-resource-loader-v0.client.mixins.json does not specify "minVersion" property
[18:49:05] [main/DEBUG] (FabricLoader/Mixin) Compatibility level JAVA_16 specified by fabric-object-builder-v1.mixins.json is higher than the maximum level supported by this version of mixin (JAVA_13).
[18:49:05] [main/DEBUG] (FabricLoader/Mixin) Mixin config fabric-object-builder-v1.mixins.json does not specify "minVersion" property
[18:49:05] [main/DEBUG] (FabricLoader/Mixin) Compatibility level JAVA_16 specified by fabric-object-builder-v1.client.mixins.json is higher than the maximum level supported by this version of mixin (JAVA_13).
[18:49:05] [main/DEBUG] (FabricLoader/Mixin) Mixin config fabric-object-builder-v1.client.mixins.json does not specify "minVersion" property
[18:49:05] [main/DEBUG] (FabricLoader/Mixin) Compatibility level JAVA_16 specified by fabric-blockrenderlayer-v1.mixins.json is higher than the maximum level supported by this version of mixin (JAVA_13).
[18:49:05] [main/DEBUG] (FabricLoader/Mixin) Mixin config fabric-blockrenderlayer-v1.mixins.json does not specify "minVersion" property
[18:49:05] [main/DEBUG] (FabricLoader/Mixin) Compatibility level JAVA_16 specified by fabric-entity-events-v1.mixins.json is higher than the maximum level supported by this version of mixin (JAVA_13).
[18:49:05] [main/DEBUG] (FabricLoader/Mixin) Mixin config fabric-entity-events-v1.mixins.json does not specify "minVersion" property
[18:49:05] [main/DEBUG] (FabricLoader/Mixin) Compatibility level JAVA_16 specified by fabric-entity-events-v1.client.mixins.json is higher than the maximum level supported by this version of mixin (JAVA_13).
[18:49:05] [main/DEBUG] (FabricLoader/Mixin) Mixin config fabric-entity-events-v1.client.mixins.json does not specify "minVersion" property
[18:49:05] [main/DEBUG] (FabricLoader/Mixin) Compatibility level JAVA_16 specified by fabric-mining-level-api-v1.mixins.json is higher than the maximum level supported by this version of mixin (JAVA_13).
[18:49:05] [main/DEBUG] (FabricLoader/Mixin) Mixin config fabric-mining-level-api-v1.mixins.json does not specify "minVersion" property
[18:49:05] [main/DEBUG] (FabricLoader/Mixin) Compatibility level JAVA_16 specified by fabric-item-groups-v0.mixins.json is higher than the maximum level supported by this version of mixin (JAVA_13).
[18:49:05] [main/DEBUG] (FabricLoader/Mixin) Mixin config fabric-item-groups-v0.mixins.json does not specify "minVersion" property
[18:49:05] [main/DEBUG] (FabricLoader/Mixin) Compatibility level JAVA_16 specified by fabric-item-groups-v0.client.mixins.json is higher than the maximum level supported by this version of mixin (JAVA_13).
[18:49:05] [main/DEBUG] (FabricLoader/Mixin) Mixin config fabric-item-groups-v0.client.mixins.json does not specify "minVersion" property
[18:49:05] [main/DEBUG] (FabricLoader/Mixin) Compatibility level JAVA_16 specified by fabric-rendering-data-attachment-v1.mixins.json is higher than the maximum level supported by this version of mixin (JAVA_13).
[18:49:05] [main/DEBUG] (FabricLoader/Mixin) Mixin config fabric-rendering-data-attachment-v1.mixins.json does not specify "minVersion" property
[18:49:05] [main/DEBUG] (FabricLoader/Mixin) Compatibility level JAVA_16 specified by fabric-rendering-data-attachment-v1.client.mixins.json is higher than the maximum level supported by this version of mixin (JAVA_13).
[18:49:05] [main/DEBUG] (FabricLoader/Mixin) Mixin config fabric-rendering-data-attachment-v1.client.mixins.json does not specify "minVersion" property
[18:49:05] [main/DEBUG] (FabricLoader/Mixin) Compatibility level JAVA_16 specified by fabric-item-api-v1.mixins.json is higher than the maximum level supported by this version of mixin (JAVA_13).
[18:49:05] [main/DEBUG] (FabricLoader/Mixin) Mixin config fabric-item-api-v1.mixins.json does not specify "minVersion" property
[18:49:05] [main/DEBUG] (FabricLoader/Mixin) Compatibility level JAVA_16 specified by fabric-item-api-v1.client.mixins.json is higher than the maximum level supported by this version of mixin (JAVA_13).
[18:49:05] [main/DEBUG] (FabricLoader/Mixin) Mixin config fabric-item-api-v1.client.mixins.json does not specify "minVersion" property
[18:49:05] [main/DEBUG] (FabricLoader/Mixin) Compatibility level JAVA_16 specified by fabric-particles-v1.client.mixins.json is higher than the maximum level supported by this version of mixin (JAVA_13).
[18:49:05] [main/DEBUG] (FabricLoader/Mixin) Mixin config fabric-particles-v1.client.mixins.json does not specify "minVersion" property
[18:49:05] [main/DEBUG] (FabricLoader/Mixin) Compatibility level JAVA_16 specified by fabric-dimensions-v1.mixins.json is higher than the maximum level supported by this version of mixin (JAVA_13).
[18:49:05] [main/DEBUG] (FabricLoader/Mixin) Mixin config fabric-dimensions-v1.mixins.json does not specify "minVersion" property
[18:49:05] [main/DEBUG] (FabricLoader/Mixin) Compatibility level JAVA_16 specified by fabric-key-binding-api-v1.mixins.json is higher than the maximum level supported by this version of mixin (JAVA_13).
[18:49:05] [main/DEBUG] (FabricLoader/Mixin) Mixin config fabric-key-binding-api-v1.mixins.json does not specify "minVersion" property
[18:49:05] [main/DEBUG] (FabricLoader/Mixin) Compatibility level JAVA_16 specified by fabric-transfer-api-v1.mixins.json is higher than the maximum level supported by this version of mixin (JAVA_13).
[18:49:05] [main/DEBUG] (FabricLoader/Mixin) Mixin config fabric-transfer-api-v1.mixins.json does not specify "minVersion" property
[18:49:05] [main/DEBUG] (FabricLoader/Mixin) Compatibility level JAVA_16 specified by fabric-api-lookup-api-v1.mixins.json is higher than the maximum level supported by this version of mixin (JAVA_13).
[18:49:05] [main/DEBUG] (FabricLoader/Mixin) Mixin config fabric-api-lookup-api-v1.mixins.json does not specify "minVersion" property
[18:49:05] [main/DEBUG] (FabricLoader/Mixin) Compatibility level JAVA_16 specified by fabric-biome-api-v1.mixins.json is higher than the maximum level supported by this version of mixin (JAVA_13).
[18:49:05] [main/DEBUG] (FabricLoader/Mixin) Mixin config fabric-biome-api-v1.mixins.json does not specify "minVersion" property
[18:49:05] [main/DEBUG] (FabricLoader/Mixin) Mixin config fabric-block-api-v1.mixins.json does not specify "minVersion" property
[18:49:05] [main/DEBUG] (FabricLoader/Knot) Adding C:\Users\asus\IdeaProjects\Rings\.gradle\loom-cache\minecraftMaven\net\minecraft\minecraft-merged-project-root\1.19.2-net.fabricmc.yarn.1_19_2.1.19.2+build.28-v2\minecraft-merged-project-root-1.19.2-net.fabricmc.yarn.1_19_2.1.19.2+build.28-v2.jar to classpath.
[18:49:05] [main/DEBUG] (FabricLoader/Knot) Adding C:\Users\asus\IdeaProjects\Rings\build\classes\java\main to classpath.
[18:49:05] [main/DEBUG] (FabricLoader/Knot) Adding C:\Users\asus\IdeaProjects\Rings\build\resources\main to classpath.
[18:49:05] [main/DEBUG] (FabricLoader/Knot) Adding C:\Users\asus\.gradle\caches\fabric-loom\1.19.2\net.fabricmc.yarn.1_19_2.1.19.2+build.28-v2\mappings.jar to classpath.
[18:49:05] [main/DEBUG] (FabricLoader/Knot) Adding C:\Users\asus\.gradle\caches\modules-2\files-2.1\net.fabricmc\dev-launch-injector\0.2.1+build.8\da8bef7e6e2f952da707f282bdb46882a0fce5e3\dev-launch-injector-0.2.1+build.8.jar to classpath.
[18:49:05] [main/DEBUG] (FabricLoader/Knot) Adding C:\Users\asus\.gradle\caches\modules-2\files-2.1\com.mojang\blocklist\1.0.10\5c685c5ffa94c4cd39496c7184c1d122e515ecef\blocklist-1.0.10.jar to classpath.
[18:49:05] [main/DEBUG] (FabricLoader/Knot) Adding C:\Users\asus\.gradle\caches\modules-2\files-2.1\com.mojang\patchy\2.2.10\da05971b07cbb379d002cf7eaec6a2048211fefc\patchy-2.2.10.jar to classpath.
[18:49:05] [main/DEBUG] (FabricLoader/Knot) Adding C:\Users\asus\.gradle\caches\modules-2\files-2.1\com.github.oshi\oshi-core\5.8.5\1d0ec654d820741327f5a9229d513732a4b7ce50\oshi-core-5.8.5.jar to classpath.
[18:49:05] [main/DEBUG] (FabricLoader/Knot) Adding C:\Users\asus\.gradle\caches\modules-2\files-2.1\net.java.dev.jna\jna\5.10.0\7cf4c87dd802db50721db66947aa237d7ad09418\jna-5.10.0.jar to classpath.
[18:49:05] [main/DEBUG] (FabricLoader/Knot) Adding C:\Users\asus\.gradle\caches\modules-2\files-2.1\net.java.dev.jna\jna-platform\5.10.0\fbed7d9669dba47714ad0d4f4454290a997aee69\jna-platform-5.10.0.jar to classpath.
[18:49:05] [main/DEBUG] (FabricLoader/Knot) Adding C:\Users\asus\.gradle\caches\modules-2\files-2.1\com.ibm.icu\icu4j\70.1\dfa3a1fbc55bf5db8c6e79fc0935ac7ab1202950\icu4j-70.1.jar to classpath.
[18:49:05] [main/DEBUG] (FabricLoader/Knot) Adding C:\Users\asus\.gradle\caches\modules-2\files-2.1\com.mojang\javabridge\1.2.24\c876796229b2ef5120f186eab5acc870699d3b9\javabridge-1.2.24.jar to classpath.
[18:49:05] [main/DEBUG] (FabricLoader/Knot) Adding C:\Users\asus\.gradle\caches\modules-2\files-2.1\net.sf.jopt-simple\jopt-simple\5.0.4\4fdac2fbe92dfad86aa6e9301736f6b4342a3f5c\jopt-simple-5.0.4.jar to classpath.
[18:49:05] [main/DEBUG] (FabricLoader/Knot) Adding C:\Users\asus\.gradle\caches\modules-2\files-2.1\io.netty\netty-common\4.1.77.Final\ea0fc20f4e6178966b9d62017b7fcb83dfe0e713\netty-common-4.1.77.Final.jar to classpath.
[18:49:05] [main/DEBUG] (FabricLoader/Knot) Adding C:\Users\asus\.gradle\caches\modules-2\files-2.1\io.netty\netty-buffer\4.1.77.Final\d97571f99e5e739d86824d0df99f35d295276b5f\netty-buffer-4.1.77.Final.jar to classpath.
[18:49:05] [main/DEBUG] (FabricLoader/Knot) Adding C:\Users\asus\.gradle\caches\modules-2\files-2.1\io.netty\netty-codec\4.1.77.Final\4efc5f59335301d6ba0d7cd31dd10651119b03c8\netty-codec-4.1.77.Final.jar to classpath.
[18:49:05] [main/DEBUG] (FabricLoader/Knot) Adding C:\Users\asus\.gradle\caches\modules-2\files-2.1\io.netty\netty-handler\4.1.77.Final\47a81089de03635a27f509f3e4e13386ae1db275\netty-handler-4.1.77.Final.jar to classpath.
[18:49:05] [main/DEBUG] (FabricLoader/Knot) Adding C:\Users\asus\.gradle\caches\modules-2\files-2.1\io.netty\netty-resolver\4.1.77.Final\4a239dbf8d8bb5f98aa51462c35011c0516395fd\netty-resolver-4.1.77.Final.jar to classpath.
[18:49:05] [main/DEBUG] (FabricLoader/Knot) Adding C:\Users\asus\.gradle\caches\modules-2\files-2.1\io.netty\netty-transport\4.1.77.Final\2a3373bbd20d520c821f210bd5ee886788512043\netty-transport-4.1.77.Final.jar to classpath.
[18:49:05] [main/DEBUG] (FabricLoader/Knot) Adding C:\Users\asus\.gradle\caches\modules-2\files-2.1\io.netty\netty-transport-native-unix-common\4.1.77.Final\c95d53486414b3270d08057957c5da8e0c37e4eb\netty-transport-native-unix-common-4.1.77.Final.jar to classpath.
[18:49:05] [main/DEBUG] (FabricLoader/Knot) Adding C:\Users\asus\.gradle\caches\modules-2\files-2.1\io.netty\netty-transport-classes-epoll\4.1.77.Final\dd70dbccbcf98382223a59044f3c08d8e9920cad\netty-transport-classes-epoll-4.1.77.Final.jar to classpath.
[18:49:05] [main/DEBUG] (FabricLoader/Knot) Adding C:\Users\asus\.gradle\caches\modules-2\files-2.1\com.google.guava\failureaccess\1.0.1\1dcf1de382a0bf95a3d8b0849546c88bac1292c9\failureaccess-1.0.1.jar to classpath.
[18:49:05] [main/DEBUG] (FabricLoader/Knot) Adding C:\Users\asus\.gradle\caches\modules-2\files-2.1\com.google.guava\guava\31.0.1-jre\119ea2b2bc205b138974d351777b20f02b92704b\guava-31.0.1-jre.jar to classpath.
[18:49:05] [main/DEBUG] (FabricLoader/Knot) Adding C:\Users\asus\.gradle\caches\modules-2\files-2.1\org.apache.commons\commons-lang3\3.12.0\c6842c86792ff03b9f1d1fe2aab8dc23aa6c6f0e\commons-lang3-3.12.0.jar to classpath.
[18:49:05] [main/DEBUG] (FabricLoader/Knot) Adding C:\Users\asus\.gradle\caches\modules-2\files-2.1\commons-io\commons-io\2.11.0\a2503f302b11ebde7ebc3df41daebe0e4eea3689\commons-io-2.11.0.jar to classpath.
[18:49:05] [main/DEBUG] (FabricLoader/Knot) Adding C:\Users\asus\.gradle\caches\modules-2\files-2.1\commons-codec\commons-codec\1.15\49d94806b6e3dc933dacbd8acb0fdbab8ebd1e5d\commons-codec-1.15.jar to classpath.
[18:49:05] [main/DEBUG] (FabricLoader/Knot) Adding C:\Users\asus\.gradle\caches\modules-2\files-2.1\com.mojang\brigadier\1.0.18\c1ef1234282716483c92183f49bef47b1a89bfa9\brigadier-1.0.18.jar to classpath.
[18:49:05] [main/DEBUG] (FabricLoader/Knot) Adding C:\Users\asus\.gradle\caches\modules-2\files-2.1\com.mojang\datafixerupper\5.0.28\e2157e236e529aff80a5fc3ccb506e56d46b130b\datafixerupper-5.0.28.jar to classpath.
[18:49:05] [main/DEBUG] (FabricLoader/Knot) Adding C:\Users\asus\.gradle\caches\modules-2\files-2.1\org.apache.commons\commons-compress\1.21\4ec95b60d4e86b5c95a0e919cb172a0af98011ef\commons-compress-1.21.jar to classpath.
[18:49:05] [main/DEBUG] (FabricLoader/Knot) Adding C:\Users\asus\.gradle\caches\modules-2\files-2.1\org.apache.httpcomponents\httpclient\4.5.13\e5f6cae5ca7ecaac1ec2827a9e2d65ae2869cada\httpclient-4.5.13.jar to classpath.
[18:49:05] [main/DEBUG] (FabricLoader/Knot) Adding C:\Users\asus\.gradle\caches\modules-2\files-2.1\commons-logging\commons-logging\1.2\4bfc12adfe4842bf07b657f0369c4cb522955686\commons-logging-1.2.jar to classpath.
[18:49:05] [main/DEBUG] (FabricLoader/Knot) Adding C:\Users\asus\.gradle\caches\modules-2\files-2.1\org.apache.httpcomponents\httpcore\4.4.14\9dd1a631c082d92ecd4bd8fd4cf55026c720a8c1\httpcore-4.4.14.jar to classpath.
[18:49:05] [main/DEBUG] (FabricLoader/Knot) Adding C:\Users\asus\.gradle\caches\modules-2\files-2.1\it.unimi.dsi\fastutil\8.5.6\76f95700418a68fbc4ac050525261f05dc681ca1\fastutil-8.5.6.jar to classpath.
[18:49:05] [main/DEBUG] (FabricLoader/Knot) Adding C:\Users\asus\.gradle\caches\modules-2\files-2.1\org.lwjgl\lwjgl\3.3.2\4421d94af68e35dcaa31737a6fc59136a1e61b94\lwjgl-3.3.2.jar to classpath.
[18:49:05] [main/DEBUG] (FabricLoader/Knot) Adding C:\Users\asus\.gradle\caches\modules-2\files-2.1\org.lwjgl\lwjgl\3.3.2\a55169ced70ffcd15f2162daf4a9c968578f6cd5\lwjgl-3.3.2-natives-windows.jar to classpath.
[18:49:05] [main/DEBUG] (FabricLoader/Knot) Adding C:\Users\asus\.gradle\caches\modules-2\files-2.1\org.lwjgl\lwjgl\3.3.2\ed495259b2c8f068794da0ffedfa7ae7c130b3c5\lwjgl-3.3.2-natives-windows-x86.jar to classpath.
[18:49:05] [main/DEBUG] (FabricLoader/Knot) Adding C:\Users\asus\.gradle\caches\modules-2\files-2.1\org.lwjgl\lwjgl\3.3.2\d900e4678449ba97ff46fa64b22e0376bf8cd00e\lwjgl-3.3.2-natives-windows-arm64.jar to classpath.
[18:49:05] [main/DEBUG] (FabricLoader/Knot) Adding C:\Users\asus\.gradle\caches\modules-2\files-2.1\org.lwjgl\lwjgl-jemalloc\3.3.2\877e17e39ebcd58a9c956dc3b5b777813de0873a\lwjgl-jemalloc-3.3.2.jar to classpath.
[18:49:05] [main/DEBUG] (FabricLoader/Knot) Adding C:\Users\asus\.gradle\caches\modules-2\files-2.1\org.lwjgl\lwjgl-jemalloc\3.3.2\db886c1f9e313c3fa2a25543b99ccd250d3f9fb5\lwjgl-jemalloc-3.3.2-natives-windows.jar to classpath.
[18:49:05] [main/DEBUG] (FabricLoader/Knot) Adding C:\Users\asus\.gradle\caches\modules-2\files-2.1\org.lwjgl\lwjgl-jemalloc\3.3.2\9b07558f81a5d54dfaeb861bab3ccc86bb4477c9\lwjgl-jemalloc-3.3.2-natives-windows-x86.jar to classpath.
[18:49:05] [main/DEBUG] (FabricLoader/Knot) Adding C:\Users\asus\.gradle\caches\modules-2\files-2.1\org.lwjgl\lwjgl-jemalloc\3.3.2\598790de603c286dbc4068b27829eacc37592786\lwjgl-jemalloc-3.3.2-natives-windows-arm64.jar to classpath.
[18:49:05] [main/DEBUG] (FabricLoader/Knot) Adding C:\Users\asus\.gradle\caches\modules-2\files-2.1\org.lwjgl\lwjgl-openal\3.3.2\ae5357ed6d934546d3533993ea84c0cfb75eed95\lwjgl-openal-3.3.2.jar to classpath.
[18:49:05] [main/DEBUG] (FabricLoader/Knot) Adding C:\Users\asus\.gradle\caches\modules-2\files-2.1\org.lwjgl\lwjgl-openal\3.3.2\e74f299a602192faaf14b917632e4cbbb493c940\lwjgl-openal-3.3.2-natives-windows.jar to classpath.
[18:49:05] [main/DEBUG] (FabricLoader/Knot) Adding C:\Users\asus\.gradle\caches\modules-2\files-2.1\org.lwjgl\lwjgl-openal\3.3.2\21fcb44d32ccf101017ec939fc740197677557d5\lwjgl-openal-3.3.2-natives-windows-x86.jar to classpath.
[18:49:05] [main/DEBUG] (FabricLoader/Knot) Adding C:\Users\asus\.gradle\caches\modules-2\files-2.1\org.lwjgl\lwjgl-openal\3.3.2\545ddec7959007a78b6662d616e00dacf00e1c29\lwjgl-openal-3.3.2-natives-windows-arm64.jar to classpath.
[18:49:05] [main/DEBUG] (FabricLoader/Knot) Adding C:\Users\asus\.gradle\caches\modules-2\files-2.1\org.lwjgl\lwjgl-opengl\3.3.2\ee8e95be0b438602038bc1f02dc5e3d011b1b216\lwjgl-opengl-3.3.2.jar to classpath.
[18:49:05] [main/DEBUG] (FabricLoader/Knot) Adding C:\Users\asus\.gradle\caches\modules-2\files-2.1\org.lwjgl\lwjgl-opengl\3.3.2\83cd34469d4e0bc335bf74c7f62206530a9480bf\lwjgl-opengl-3.3.2-natives-windows.jar to classpath.
[18:49:05] [main/DEBUG] (FabricLoader/Knot) Adding C:\Users\asus\.gradle\caches\modules-2\files-2.1\org.lwjgl\lwjgl-opengl\3.3.2\22fa4149159154b24f6c1bd46a342d4958a9fba1\lwjgl-opengl-3.3.2-natives-windows-x86.jar to classpath.
[18:49:05] [main/DEBUG] (FabricLoader/Knot) Adding C:\Users\asus\.gradle\caches\modules-2\files-2.1\org.lwjgl\lwjgl-opengl\3.3.2\21df035bf03dbf5001f92291b24dc951da513481\lwjgl-opengl-3.3.2-natives-windows-arm64.jar to classpath.
[18:49:05] [main/DEBUG] (FabricLoader/Knot) Adding C:\Users\asus\.gradle\caches\modules-2\files-2.1\org.lwjgl\lwjgl-glfw\3.3.2\757920418805fb90bfebb3d46b1d9e7669fca2eb\lwjgl-glfw-3.3.2.jar to classpath.
[18:49:05] [main/DEBUG] (FabricLoader/Knot) Adding C:\Users\asus\.gradle\caches\modules-2\files-2.1\org.lwjgl\lwjgl-glfw\3.3.2\1251e3cb7e5d6159334cfb9244f789ce992f03b\lwjgl-glfw-3.3.2-natives-windows.jar to classpath.
[18:49:05] [main/DEBUG] (FabricLoader/Knot) Adding C:\Users\asus\.gradle\caches\modules-2\files-2.1\org.lwjgl\lwjgl-glfw\3.3.2\17e1f9ec031ef72c2f7825c38eeb3a79c4d8bb17\lwjgl-glfw-3.3.2-natives-windows-x86.jar to classpath.
[18:49:05] [main/DEBUG] (FabricLoader/Knot) Adding C:\Users\asus\.gradle\caches\modules-2\files-2.1\org.lwjgl\lwjgl-glfw\3.3.2\e79c4857a887bd79ba78bdf2d422a7d333028a2d\lwjgl-glfw-3.3.2-natives-windows-arm64.jar to classpath.
[18:49:05] [main/DEBUG] (FabricLoader/Knot) Adding C:\Users\asus\.gradle\caches\modules-2\files-2.1\org.lwjgl\lwjgl-stb\3.3.2\a2550795014d622b686e9caac50b14baa87d2c70\lwjgl-stb-3.3.2.jar to classpath.
[18:49:05] [main/DEBUG] (FabricLoader/Knot) Adding C:\Users\asus\.gradle\caches\modules-2\files-2.1\org.lwjgl\lwjgl-stb\3.3.2\1c4f4b8353bdb78c5264ab921436f03fc9aa1ba5\lwjgl-stb-3.3.2-natives-windows.jar to classpath.
[18:49:05] [main/DEBUG] (FabricLoader/Knot) Adding C:\Users\asus\.gradle\caches\modules-2\files-2.1\org.lwjgl\lwjgl-stb\3.3.2\a0de7bde6722fa68d25ba6afbd7395508c53c730\lwjgl-stb-3.3.2-natives-windows-x86.jar to classpath.
[18:49:05] [main/DEBUG] (FabricLoader/Knot) Adding C:\Users\asus\.gradle\caches\modules-2\files-2.1\org.lwjgl\lwjgl-stb\3.3.2\c29df97c3cca97dc00d34e171936153764c9f78b\lwjgl-stb-3.3.2-natives-windows-arm64.jar to classpath.
[18:49:05] [main/DEBUG] (FabricLoader/Knot) Adding C:\Users\asus\.gradle\caches\modules-2\files-2.1\org.lwjgl\lwjgl-tinyfd\3.3.2\9f65c248dd77934105274fcf8351abb75b34327c\lwjgl-tinyfd-3.3.2.jar to classpath.
[18:49:05] [main/DEBUG] (FabricLoader/Knot) Adding C:\Users\asus\.gradle\caches\modules-2\files-2.1\org.lwjgl\lwjgl-tinyfd\3.3.2\54a93ed247d20007a6f579355263fdc2c030753a\lwjgl-tinyfd-3.3.2-natives-windows.jar to classpath.
[18:49:05] [main/DEBUG] (FabricLoader/Knot) Adding C:\Users\asus\.gradle\caches\modules-2\files-2.1\org.lwjgl\lwjgl-tinyfd\3.3.2\c1dfa1c438e0262453e7bf625289540e5cbffb2\lwjgl-tinyfd-3.3.2-natives-windows-x86.jar to classpath.
[18:49:05] [main/DEBUG] (FabricLoader/Knot) Adding C:\Users\asus\.gradle\caches\modules-2\files-2.1\org.lwjgl\lwjgl-tinyfd\3.3.2\500f5daa3b731ca282d4b90aeafda94c528d3e27\lwjgl-tinyfd-3.3.2-natives-windows-arm64.jar to classpath.
[18:49:05] [main/DEBUG] (FabricLoader/Knot) Adding C:\Users\asus\.gradle\caches\modules-2\files-2.1\com.mojang\text2speech\1.16.7\ee4095669061d1fe4bce5fea23d69d1520bc2d58\text2speech-1.16.7.jar to classpath.
[18:49:05] [main/DEBUG] (FabricLoader/Knot) Adding C:\Users\asus\.gradle\caches\modules-2\files-2.1\io.netty\netty-transport-native-epoll\4.1.77.Final\8d10e9e138dac52172dd83229bdc89197100c723\netty-transport-native-epoll-4.1.77.Final-linux-x86_64.jar to classpath.
[18:49:05] [main/DEBUG] (FabricLoader/Knot) Adding C:\Users\asus\.gradle\caches\modules-2\files-2.1\io.netty\netty-transport-native-epoll\4.1.77.Final\5f051599ced83e119ddeda891f471c0613721e5c\netty-transport-native-epoll-4.1.77.Final-linux-aarch_64.jar to classpath.
[18:49:05] [main/DEBUG] (FabricLoader/Knot) Adding C:\Users\asus\IdeaProjects\Rings\.gradle\loom-cache\remapped_mods\net_fabricmc_yarn_1_19_2_1_19_2_build_28_v2\net\fabricmc\fabric-api\fabric-api\0.76.0+1.19.2\fabric-api-0.76.0+1.19.2.jar to classpath.
[18:49:05] [main/DEBUG] (FabricLoader/Knot) Adding C:\Users\asus\IdeaProjects\Rings\.gradle\loom-cache\remapped_mods\net_fabricmc_yarn_1_19_2_1_19_2_build_28_v2\net\fabricmc\fabric-api\fabric-transfer-api-v1\2.1.6+413cbbc790\fabric-transfer-api-v1-2.1.6+413cbbc790.jar to classpath.
[18:49:05] [main/DEBUG] (FabricLoader/Knot) Adding C:\Users\asus\IdeaProjects\Rings\.gradle\loom-cache\remapped_mods\net_fabricmc_yarn_1_19_2_1_19_2_build_28_v2\net\fabricmc\fabric-api\fabric-api-lookup-api-v1\1.6.14+93d8cb8290\fabric-api-lookup-api-v1-1.6.14+93d8cb8290.jar to classpath.
[18:49:05] [main/DEBUG] (FabricLoader/Knot) Adding C:\Users\asus\IdeaProjects\Rings\.gradle\loom-cache\remapped_mods\net_fabricmc_yarn_1_19_2_1_19_2_build_28_v2\net\fabricmc\fabric-api\fabric-blockrenderlayer-v1\1.1.25+cafc6e8e90\fabric-blockrenderlayer-v1-1.1.25+cafc6e8e90.jar to classpath.
[18:49:05] [main/DEBUG] (FabricLoader/Knot) Adding C:\Users\asus\IdeaProjects\Rings\.gradle\loom-cache\remapped_mods\net_fabricmc_yarn_1_19_2_1_19_2_build_28_v2\net\fabricmc\fabric-api\fabric-client-tags-api-v1\1.0.5+b35fea8390\fabric-client-tags-api-v1-1.0.5+b35fea8390.jar to classpath.
[18:49:05] [main/DEBUG] (FabricLoader/Knot) Adding C:\Users\asus\IdeaProjects\Rings\.gradle\loom-cache\remapped_mods\net_fabricmc_yarn_1_19_2_1_19_2_build_28_v2\net\fabricmc\fabric-api\fabric-command-api-v2\2.2.1+413cbbc790\fabric-command-api-v2-2.2.1+413cbbc790.jar to classpath.
[18:49:05] [main/DEBUG] (FabricLoader/Knot) Adding C:\Users\asus\IdeaProjects\Rings\.gradle\loom-cache\remapped_mods\net_fabricmc_yarn_1_19_2_1_19_2_build_28_v2\net\fabricmc\fabric-api\fabric-content-registries-v0\3.5.2+7c6cd14d90\fabric-content-registries-v0-3.5.2+7c6cd14d90.jar to classpath.
[18:49:05] [main/DEBUG] (FabricLoader/Knot) Adding C:\Users\asus\IdeaProjects\Rings\.gradle\loom-cache\remapped_mods\net_fabricmc_yarn_1_19_2_1_19_2_build_28_v2\net\fabricmc\fabric-api\fabric-convention-tags-v1\1.3.0+4bc6e26290\fabric-convention-tags-v1-1.3.0+4bc6e26290.jar to classpath.
[18:49:05] [main/DEBUG] (FabricLoader/Knot) Adding C:\Users\asus\IdeaProjects\Rings\.gradle\loom-cache\remapped_mods\net_fabricmc_yarn_1_19_2_1_19_2_build_28_v2\net\fabricmc\fabric-api\fabric-data-generation-api-v1\5.3.8+413cbbc790\fabric-data-generation-api-v1-5.3.8+413cbbc790.jar to classpath.
[18:49:05] [main/DEBUG] (FabricLoader/Knot) Adding C:\Users\asus\IdeaProjects\Rings\.gradle\loom-cache\remapped_mods\net_fabricmc_yarn_1_19_2_1_19_2_build_28_v2\net\fabricmc\fabric-api\fabric-dimensions-v1\2.1.35+0d0f210290\fabric-dimensions-v1-2.1.35+0d0f210290.jar to classpath.
[18:49:05] [main/DEBUG] (FabricLoader/Knot) Adding C:\Users\asus\IdeaProjects\Rings\.gradle\loom-cache\remapped_mods\net_fabricmc_yarn_1_19_2_1_19_2_build_28_v2\net\fabricmc\fabric-api\fabric-entity-events-v1\1.5.4+9244241690\fabric-entity-events-v1-1.5.4+9244241690.jar to classpath.
[18:49:05] [main/DEBUG] (FabricLoader/Knot) Adding C:\Users\asus\IdeaProjects\Rings\.gradle\loom-cache\remapped_mods\net_fabricmc_yarn_1_19_2_1_19_2_build_28_v2\net\fabricmc\fabric-api\fabric-events-interaction-v0\0.4.34+562bff6e90\fabric-events-interaction-v0-0.4.34+562bff6e90.jar to classpath.
[18:49:05] [main/DEBUG] (FabricLoader/Knot) Adding C:\Users\asus\IdeaProjects\Rings\.gradle\loom-cache\remapped_mods\net_fabricmc_yarn_1_19_2_1_19_2_build_28_v2\net\fabricmc\fabric-api\fabric-gametest-api-v1\1.1.8+4d0d570390\fabric-gametest-api-v1-1.1.8+4d0d570390.jar to classpath.
[18:49:05] [main/DEBUG] (FabricLoader/Knot) Adding C:\Users\asus\IdeaProjects\Rings\.gradle\loom-cache\remapped_mods\net_fabricmc_yarn_1_19_2_1_19_2_build_28_v2\net\fabricmc\fabric-api\fabric-item-api-v1\1.6.6+b7d1888890\fabric-item-api-v1-1.6.6+b7d1888890.jar to classpath.
[18:49:05] [main/DEBUG] (FabricLoader/Knot) Adding C:\Users\asus\IdeaProjects\Rings\.gradle\loom-cache\remapped_mods\net_fabricmc_yarn_1_19_2_1_19_2_build_28_v2\net\fabricmc\fabric-api\fabric-item-groups-v0\0.3.39+9244241690\fabric-item-groups-v0-0.3.39+9244241690.jar to classpath.
[18:49:05] [main/DEBUG] (FabricLoader/Knot) Adding C:\Users\asus\IdeaProjects\Rings\.gradle\loom-cache\remapped_mods\net_fabricmc_yarn_1_19_2_1_19_2_build_28_v2\net\fabricmc\fabric-api\fabric-mining-level-api-v1\2.1.24+33fbc73890\fabric-mining-level-api-v1-2.1.24+33fbc73890.jar to classpath.
[18:49:05] [main/DEBUG] (FabricLoader/Knot) Adding C:\Users\asus\IdeaProjects\Rings\.gradle\loom-cache\remapped_mods\net_fabricmc_yarn_1_19_2_1_19_2_build_28_v2\net\fabricmc\fabric-api\fabric-lifecycle-events-v1\2.2.4+1b46dc7890\fabric-lifecycle-events-v1-2.2.4+1b46dc7890.jar to classpath.
[18:49:05] [main/DEBUG] (FabricLoader/Knot) Adding C:\Users\asus\IdeaProjects\Rings\.gradle\loom-cache\remapped_mods\net_fabricmc_yarn_1_19_2_1_19_2_build_28_v2\net\fabricmc\fabric-api\fabric-loot-api-v2\1.1.13+83a8659290\fabric-loot-api-v2-1.1.13+83a8659290.jar to classpath.
[18:49:05] [main/DEBUG] (FabricLoader/Knot) Adding C:\Users\asus\IdeaProjects\Rings\.gradle\loom-cache\remapped_mods\net_fabricmc_yarn_1_19_2_1_19_2_build_28_v2\net\fabricmc\fabric-api\fabric-message-api-v1\5.0.7+93d8cb8290\fabric-message-api-v1-5.0.7+93d8cb8290.jar to classpath.
[18:49:05] [main/DEBUG] (FabricLoader/Knot) Adding C:\Users\asus\IdeaProjects\Rings\.gradle\loom-cache\remapped_mods\net_fabricmc_yarn_1_19_2_1_19_2_build_28_v2\net\fabricmc\fabric-api\fabric-models-v0\0.3.21+c6af733c90\fabric-models-v0-0.3.21+c6af733c90.jar to classpath.
[18:49:05] [main/DEBUG] (FabricLoader/Knot) Adding C:\Users\asus\IdeaProjects\Rings\.gradle\loom-cache\remapped_mods\net_fabricmc_yarn_1_19_2_1_19_2_build_28_v2\net\fabricmc\fabric-api\fabric-recipe-api-v1\1.0.1+413cbbc790\fabric-recipe-api-v1-1.0.1+413cbbc790.jar to classpath.
[18:49:05] [main/DEBUG] (FabricLoader/Knot) Adding C:\Users\asus\IdeaProjects\Rings\.gradle\loom-cache\remapped_mods\net_fabricmc_yarn_1_19_2_1_19_2_build_28_v2\net\fabricmc\fabric-api\fabric-registry-sync-v0\0.9.32+9244241690\fabric-registry-sync-v0-0.9.32+9244241690.jar to classpath.
[18:49:05] [main/DEBUG] (FabricLoader/Knot) Adding C:\Users\asus\IdeaProjects\Rings\.gradle\loom-cache\remapped_mods\net_fabricmc_yarn_1_19_2_1_19_2_build_28_v2\net\fabricmc\fabric-api\fabric-screen-handler-api-v1\1.3.7+1cc24b1b90\fabric-screen-handler-api-v1-1.3.7+1cc24b1b90.jar to classpath.
[18:49:05] [main/DEBUG] (FabricLoader/Knot) Adding C:\Users\asus\IdeaProjects\Rings\.gradle\loom-cache\remapped_mods\net_fabricmc_yarn_1_19_2_1_19_2_build_28_v2\net\fabricmc\fabric-api\fabric-networking-api-v1\1.2.11+10eb22f490\fabric-networking-api-v1-1.2.11+10eb22f490.jar to classpath.
[18:49:05] [main/DEBUG] (FabricLoader/Knot) Adding C:\Users\asus\IdeaProjects\Rings\.gradle\loom-cache\remapped_mods\net_fabricmc_yarn_1_19_2_1_19_2_build_28_v2\net\fabricmc\fabric-api\fabric-object-builder-api-v1\4.2.2+d8ef690890\fabric-object-builder-api-v1-4.2.2+d8ef690890.jar to classpath.
[18:49:05] [main/DEBUG] (FabricLoader/Knot) Adding C:\Users\asus\IdeaProjects\Rings\.gradle\loom-cache\remapped_mods\net_fabricmc_yarn_1_19_2_1_19_2_build_28_v2\net\fabricmc\fabric-api\fabric-particles-v1\1.0.14+4d0d570390\fabric-particles-v1-1.0.14+4d0d570390.jar to classpath.
[18:49:05] [main/DEBUG] (FabricLoader/Knot) Adding C:\Users\asus\IdeaProjects\Rings\.gradle\loom-cache\remapped_mods\net_fabricmc_yarn_1_19_2_1_19_2_build_28_v2\net\fabricmc\fabric-api\fabric-renderer-indigo\0.8.0+1adbf27790\fabric-renderer-indigo-0.8.0+1adbf27790.jar to classpath.
[18:49:05] [main/DEBUG] (FabricLoader/Knot) Adding C:\Users\asus\IdeaProjects\Rings\.gradle\loom-cache\remapped_mods\net_fabricmc_yarn_1_19_2_1_19_2_build_28_v2\net\fabricmc\fabric-api\fabric-renderer-api-v1\1.2.1+1adbf27790\fabric-renderer-api-v1-1.2.1+1adbf27790.jar to classpath.
[18:49:05] [main/DEBUG] (FabricLoader/Knot) Adding C:\Users\asus\IdeaProjects\Rings\.gradle\loom-cache\remapped_mods\net_fabricmc_yarn_1_19_2_1_19_2_build_28_v2\net\fabricmc\fabric-api\fabric-rendering-data-attachment-v1\0.3.19+6e0787e690\fabric-rendering-data-attachment-v1-0.3.19+6e0787e690.jar to classpath.
[18:49:05] [main/DEBUG] (FabricLoader/Knot) Adding C:\Users\asus\IdeaProjects\Rings\.gradle\loom-cache\remapped_mods\net_fabricmc_yarn_1_19_2_1_19_2_build_28_v2\net\fabricmc\fabric-api\fabric-rendering-fluids-v1\3.0.11+4d0d570390\fabric-rendering-fluids-v1-3.0.11+4d0d570390.jar to classpath.
[18:49:05] [main/DEBUG] (FabricLoader/Knot) Adding C:\Users\asus\IdeaProjects\Rings\.gradle\loom-cache\remapped_mods\net_fabricmc_yarn_1_19_2_1_19_2_build_28_v2\net\fabricmc\fabric-api\fabric-rendering-v1\1.12.1+d8ef690890\fabric-rendering-v1-1.12.1+d8ef690890.jar to classpath.
[18:49:05] [main/DEBUG] (FabricLoader/Knot) Adding C:\Users\asus\IdeaProjects\Rings\.gradle\loom-cache\remapped_mods\net_fabricmc_yarn_1_19_2_1_19_2_build_28_v2\net\fabricmc\fabric-api\fabric-screen-api-v1\1.0.32+4d0d570390\fabric-screen-api-v1-1.0.32+4d0d570390.jar to classpath.
[18:49:05] [main/DEBUG] (FabricLoader/Knot) Adding C:\Users\asus\IdeaProjects\Rings\.gradle\loom-cache\remapped_mods\net_fabricmc_yarn_1_19_2_1_19_2_build_28_v2\net\fabricmc\fabric-api\fabric-textures-v0\1.0.24+aeb40ebe90\fabric-textures-v0-1.0.24+aeb40ebe90.jar to classpath.
[18:49:05] [main/DEBUG] (FabricLoader/Knot) Adding C:\Users\asus\IdeaProjects\Rings\.gradle\loom-cache\remapped_mods\net_fabricmc_yarn_1_19_2_1_19_2_build_28_v2\net\fabricmc\fabric-api\fabric-api-base\0.4.15+8f4e8eb390\fabric-api-base-0.4.15+8f4e8eb390.jar to classpath.
[18:49:05] [main/DEBUG] (FabricLoader/Knot) Adding C:\Users\asus\IdeaProjects\Rings\.gradle\loom-cache\remapped_mods\net_fabricmc_yarn_1_19_2_1_19_2_build_28_v2\net\fabricmc\fabric-api\fabric-biome-api-v1\9.1.1+16f1e31390\fabric-biome-api-v1-9.1.1+16f1e31390.jar to classpath.
[18:49:05] [main/DEBUG] (FabricLoader/Knot) Adding C:\Users\asus\IdeaProjects\Rings\.gradle\loom-cache\remapped_mods\net_fabricmc_yarn_1_19_2_1_19_2_build_28_v2\net\fabricmc\fabric-api\fabric-block-api-v1\1.0.2+e415d50e90\fabric-block-api-v1-1.0.2+e415d50e90.jar to classpath.
[18:49:05] [main/DEBUG] (FabricLoader/Knot) Adding C:\Users\asus\IdeaProjects\Rings\.gradle\loom-cache\remapped_mods\net_fabricmc_yarn_1_19_2_1_19_2_build_28_v2\net\fabricmc\fabric-api\fabric-crash-report-info-v1\0.2.8+aeb40ebe90\fabric-crash-report-info-v1-0.2.8+aeb40ebe90.jar to classpath.
[18:49:05] [main/DEBUG] (FabricLoader/Knot) Adding C:\Users\asus\IdeaProjects\Rings\.gradle\loom-cache\remapped_mods\net_fabricmc_yarn_1_19_2_1_19_2_build_28_v2\net\fabricmc\fabric-api\fabric-game-rule-api-v1\1.0.24+b6b6abb490\fabric-game-rule-api-v1-1.0.24+b6b6abb490.jar to classpath.
[18:49:05] [main/DEBUG] (FabricLoader/Knot) Adding C:\Users\asus\IdeaProjects\Rings\.gradle\loom-cache\remapped_mods\net_fabricmc_yarn_1_19_2_1_19_2_build_28_v2\net\fabricmc\fabric-api\fabric-key-binding-api-v1\1.0.25+5c4fce2890\fabric-key-binding-api-v1-1.0.25+5c4fce2890.jar to classpath.
[18:49:05] [main/DEBUG] (FabricLoader/Knot) Adding C:\Users\asus\IdeaProjects\Rings\.gradle\loom-cache\remapped_mods\net_fabricmc_yarn_1_19_2_1_19_2_build_28_v2\net\fabricmc\fabric-api\fabric-resource-conditions-api-v1\2.1.2+aae9039d90\fabric-resource-conditions-api-v1-2.1.2+aae9039d90.jar to classpath.
[18:49:05] [main/DEBUG] (FabricLoader/Knot) Adding C:\Users\asus\IdeaProjects\Rings\.gradle\loom-cache\remapped_mods\net_fabricmc_yarn_1_19_2_1_19_2_build_28_v2\net\fabricmc\fabric-api\fabric-resource-loader-v0\0.8.4+edbdcddb90\fabric-resource-loader-v0-0.8.4+edbdcddb90.jar to classpath.
[18:49:05] [main/DEBUG] (FabricLoader/Knot) Adding C:\Users\asus\IdeaProjects\Rings\.gradle\loom-cache\remapped_mods\net_fabricmc_yarn_1_19_2_1_19_2_build_28_v2\net\fabricmc\fabric-api\fabric-sound-api-v1\1.0.2+c4f28df590\fabric-sound-api-v1-1.0.2+c4f28df590.jar to classpath.
[18:49:05] [main/DEBUG] (FabricLoader/Knot) Adding C:\Users\asus\IdeaProjects\Rings\.gradle\loom-cache\remapped_mods\net_fabricmc_yarn_1_19_2_1_19_2_build_28_v2\net\fabricmc\fabric-api\fabric-transitive-access-wideners-v1\1.3.3+08b73de490\fabric-transitive-access-wideners-v1-1.3.3+08b73de490.jar to classpath.
[18:49:05] [main/DEBUG] (FabricLoader/Knot) Adding C:\Users\asus\.gradle\caches\modules-2\files-2.1\org.jline\jline-reader\3.12.1\4382ab1382c7b6f379377ed5f665dc2f6e1218bc\jline-reader-3.12.1.jar to classpath.
[18:49:05] [main/DEBUG] (FabricLoader/Knot) Adding C:\Users\asus\.gradle\caches\modules-2\files-2.1\org.jline\jline-terminal\3.12.1\c777448314e050d980a6b697c140f3bfe9eb7416\jline-terminal-3.12.1.jar to classpath.
[18:49:05] [main/DEBUG] (FabricLoader/Entrypoint) No subscribers for entrypoint 'preLaunch'
[18:49:05] [main/DEBUG] (FabricLoader/Mixin) Preparing mixins for MixinEnvironment[DEFAULT]
[18:49:05] [main/DEBUG] (FabricLoader/Mixin) Selecting config fabric-screen-api-v1.mixins.json
[18:49:05] [main/DEBUG] (FabricLoader/Mixin) Selecting config fabric-registry-sync-v0.mixins.json
[18:49:05] [main/DEBUG] (FabricLoader/Mixin) Selecting config fabric-registry-sync-v0.client.mixins.json
[18:49:05] [main/DEBUG] (FabricLoader/Mixin) Selecting config fabric-events-interaction-v0.mixins.json
[18:49:05] [main/DEBUG] (FabricLoader/Mixin) Selecting config fabric-events-interaction-v0.client.mixins.json
[18:49:05] [main/DEBUG] (FabricLoader/Mixin) Selecting config fabric-rendering-fluids-v1.mixins.json
[18:49:05] [main/DEBUG] (FabricLoader/Mixin) Selecting config fabric-data-generation-api-v1.mixins.json
[18:49:05] [main/DEBUG] (FabricLoader/Mixin) Selecting config fabric-data-generation-api-v1.client.mixins.json
[18:49:05] [main/DEBUG] (FabricLoader/Mixin) Selecting config fabric-message-api-v1.mixins.json
[18:49:05] [main/DEBUG] (FabricLoader/Mixin) Selecting config fabric-resource-conditions-api-v1.mixins.json
[18:49:05] [main/DEBUG] (FabricLoader/Mixin) Selecting config fabric-renderer-indigo.mixins.json
[18:49:05] [main/DEBUG] (FabricLoader/Mixin) Selecting config fabric-renderer-api-v1.mixins.json
[18:49:05] [main/DEBUG] (FabricLoader/Mixin) Selecting config fabric-renderer-api-v1.debughud.mixins.json
[18:49:05] [main/DEBUG] (FabricLoader/Mixin) Selecting config fabric-game-rule-api-v1.mixins.json
[18:49:05] [main/DEBUG] (FabricLoader/Mixin) Selecting config fabric-game-rule-api-v1.client.mixins.json
[18:49:05] [main/DEBUG] (FabricLoader/Mixin) Selecting config fabric-loot-api-v2.mixins.json
[18:49:05] [main/DEBUG] (FabricLoader/Mixin) Selecting config fabric-crash-report-info-v1.mixins.json
[18:49:05] [main/DEBUG] (FabricLoader/Mixin) Selecting config fabric-networking-api-v1.mixins.json
[18:49:05] [main/DEBUG] (FabricLoader/Mixin) Selecting config fabric-networking-api-v1.client.mixins.json
[18:49:05] [main/DEBUG] (FabricLoader/Mixin) Selecting config rings.mixins.json
[18:49:05] [main/DEBUG] (FabricLoader/Mixin) Selecting config fabric-textures-v0.mixins.json
[18:49:05] [main/DEBUG] (FabricLoader/Mixin) Selecting config fabric-gametest-api-v1.mixins.json
[18:49:05] [main/DEBUG] (FabricLoader/Mixin) Selecting config fabric-sound-api-v1.mixins.json
[18:49:05] [main/DEBUG] (FabricLoader/Mixin) Selecting config fabric-recipe-api-v1.mixins.json
[18:49:05] [main/DEBUG] (FabricLoader/Mixin) Selecting config fabric-lifecycle-events-v1.mixins.json
[18:49:05] [main/DEBUG] (FabricLoader/Mixin) Selecting config fabric-lifecycle-events-v1.client.mixins.json
[18:49:05] [main/DEBUG] (FabricLoader/Mixin) Selecting config fabric-command-api-v2.mixins.json
[18:49:05] [main/DEBUG] (FabricLoader/Mixin) Selecting config fabric-command-api-v2.client.mixins.json
[18:49:05] [main/DEBUG] (FabricLoader/Mixin) Selecting config fabric-screen-handler-api-v1.mixins.json
[18:49:05] [main/DEBUG] (FabricLoader/Mixin) Selecting config fabric-content-registries-v0.mixins.json
[18:49:05] [main/DEBUG] (FabricLoader/Mixin) Selecting config fabric-models-v0.mixins.json
[18:49:05] [main/DEBUG] (FabricLoader/Mixin) Selecting config fabric-rendering-v1.mixins.json
[18:49:05] [main/DEBUG] (FabricLoader/Mixin) Selecting config fabric-resource-loader-v0.mixins.json
[18:49:05] [main/DEBUG] (FabricLoader/Mixin) Selecting config fabric-resource-loader-v0.client.mixins.json
[18:49:05] [main/DEBUG] (FabricLoader/Mixin) Selecting config fabric-object-builder-v1.mixins.json
[18:49:05] [main/DEBUG] (FabricLoader/Mixin) Selecting config fabric-object-builder-v1.client.mixins.json
[18:49:05] [main/DEBUG] (FabricLoader/Mixin) Selecting config fabric-blockrenderlayer-v1.mixins.json
[18:49:05] [main/DEBUG] (FabricLoader/Mixin) Selecting config fabric-entity-events-v1.mixins.json
[18:49:05] [main/DEBUG] (FabricLoader/Mixin) Selecting config fabric-entity-events-v1.client.mixins.json
[18:49:05] [main/DEBUG] (FabricLoader/Mixin) Selecting config fabric-mining-level-api-v1.mixins.json
[18:49:05] [main/DEBUG] (FabricLoader/Mixin) Selecting config fabric-item-groups-v0.mixins.json
[18:49:05] [main/DEBUG] (FabricLoader/Mixin) Selecting config fabric-item-groups-v0.client.mixins.json
[18:49:05] [main/DEBUG] (FabricLoader/Mixin) Selecting config fabric-rendering-data-attachment-v1.mixins.json
[18:49:05] [main/DEBUG] (FabricLoader/Mixin) Selecting config fabric-rendering-data-attachment-v1.client.mixins.json
[18:49:05] [main/DEBUG] (FabricLoader/Mixin) Selecting config fabric-item-api-v1.mixins.json
[18:49:05] [main/DEBUG] (FabricLoader/Mixin) Selecting config fabric-item-api-v1.client.mixins.json
[18:49:05] [main/DEBUG] (FabricLoader/Mixin) Selecting config fabric-particles-v1.client.mixins.json
[18:49:05] [main/DEBUG] (FabricLoader/Mixin) Selecting config fabric-dimensions-v1.mixins.json
[18:49:05] [main/DEBUG] (FabricLoader/Mixin) Selecting config fabric-key-binding-api-v1.mixins.json
[18:49:05] [main/DEBUG] (FabricLoader/Mixin) Selecting config fabric-transfer-api-v1.mixins.json
[18:49:05] [main/DEBUG] (FabricLoader/Mixin) Selecting config fabric-api-lookup-api-v1.mixins.json
[18:49:05] [main/DEBUG] (FabricLoader/Mixin) Selecting config fabric-biome-api-v1.mixins.json
[18:49:05] [main/DEBUG] (FabricLoader/Mixin) Selecting config fabric-block-api-v1.mixins.json
[18:49:05] [main/DEBUG] (FabricLoader/Mixin) Preparing fabric-screen-api-v1.mixins.json (6)
[18:49:06] [main/DEBUG] (FabricLoader/Mixin) Preparing fabric-registry-sync-v0.mixins.json (12)
[18:49:06] [main/DEBUG] (FabricLoader/Mixin) Preparing fabric-registry-sync-v0.client.mixins.json (5)
[18:49:06] [main/DEBUG] (FabricLoader/Mixin) Preparing fabric-events-interaction-v0.mixins.json (3)
[18:49:06] [main/WARN] (FabricLoader/Mixin) Error loading class: net/minecraft/class_3244$1 (java.lang.ClassNotFoundException: net/minecraft/class_3244$1)
[18:49:06] [main/WARN] (FabricLoader/Mixin) @Mixin target net/minecraft/class_3244$1 was not found fabric-events-interaction-v0.mixins.json:ServerPlayNetworkHandlerMixin from mod fabric-events-interaction-v0
[18:49:06] [main/DEBUG] (FabricLoader/Mixin) Preparing fabric-events-interaction-v0.client.mixins.json (2)
[18:49:06] [main/DEBUG] (FabricLoader/Mixin) Preparing fabric-rendering-fluids-v1.mixins.json (1)
[18:49:06] [main/DEBUG] (FabricLoader/Mixin) Preparing fabric-data-generation-api-v1.mixins.json (5)
[18:49:06] [main/DEBUG] (FabricLoader/Mixin) Preparing fabric-data-generation-api-v1.client.mixins.json (1)
[18:49:06] [main/DEBUG] (FabricLoader/Mixin) Preparing fabric-message-api-v1.mixins.json (2)
[18:49:06] [main/DEBUG] (FabricLoader/Mixin) Preparing fabric-resource-conditions-api-v1.mixins.json (4)
[18:49:06] [main/DEBUG] (FabricLoader/Mixin) Preparing fabric-renderer-indigo.mixins.json (4)
[18:49:06] [main/DEBUG] (FabricLoader/Mixin) Preparing fabric-renderer-api-v1.mixins.json (4)
[18:49:06] [main/DEBUG] (FabricLoader/Mixin) Preparing fabric-renderer-api-v1.debughud.mixins.json (1)
[18:49:06] [main/DEBUG] (FabricLoader/Mixin) Preparing fabric-game-rule-api-v1.mixins.json (6)
[18:49:06] [main/WARN] (FabricLoader/Mixin) Error loading class: net/minecraft/class_3065$1 (java.lang.ClassNotFoundException: net/minecraft/class_3065$1)
[18:49:06] [main/WARN] (FabricLoader/Mixin) @Mixin target net/minecraft/class_3065$1 was not found fabric-game-rule-api-v1.mixins.json:GameRuleCommandVisitorMixin from mod fabric-game-rule-api-v1
[18:49:06] [main/DEBUG] (FabricLoader/Mixin) Preparing fabric-game-rule-api-v1.client.mixins.json (3)
[18:49:06] [main/WARN] (FabricLoader/Mixin) Error loading class: net/minecraft/class_5235$class_5241$1 (java.lang.ClassNotFoundException: net/minecraft/class_5235$class_5241$1)
[18:49:06] [main/WARN] (FabricLoader/Mixin) @Mixin target net/minecraft/class_5235$class_5241$1 was not found fabric-game-rule-api-v1.client.mixins.json:RuleListWidgetVisitorMixin from mod fabric-game-rule-api-v1
[18:49:06] [main/DEBUG] (FabricLoader/Mixin) Preparing fabric-loot-api-v2.mixins.json (5)
[18:49:06] [main/DEBUG] (FabricLoader/Mixin) Preparing fabric-crash-report-info-v1.mixins.json (1)
[18:49:06] [main/DEBUG] (FabricLoader/Mixin) Preparing fabric-networking-api-v1.mixins.json (10)
[18:49:06] [main/WARN] (FabricLoader/Mixin) Error loading class: net/minecraft/class_3898$class_3208 (java.lang.ClassNotFoundException: net/minecraft/class_3898$class_3208)
[18:49:06] [main/WARN] (FabricLoader/Mixin) @Mixin target net/minecraft/class_3898$class_3208 was not found fabric-networking-api-v1.mixins.json:accessor.EntityTrackerAccessor from mod fabric-networking-api-v1
[18:49:06] [main/DEBUG] (FabricLoader/Mixin) Preparing fabric-networking-api-v1.client.mixins.json (5)
[18:49:06] [main/DEBUG] (FabricLoader/Mixin) Preparing rings.mixins.json (0)
[18:49:06] [main/DEBUG] (FabricLoader/Mixin) Preparing fabric-textures-v0.mixins.json (1)
[18:49:06] [main/DEBUG] (FabricLoader/Mixin) Preparing fabric-gametest-api-v1.mixins.json (7)
[18:49:06] [main/DEBUG] (FabricLoader/Mixin) Preparing fabric-sound-api-v1.mixins.json (2)
[18:49:06] [main/DEBUG] (FabricLoader/Mixin) Preparing fabric-recipe-api-v1.mixins.json (3)
[18:49:06] [main/DEBUG] (FabricLoader/Mixin) Preparing fabric-lifecycle-events-v1.mixins.json (9)
[18:49:06] [main/WARN] (FabricLoader/Mixin) Error loading class: net/minecraft/class_3218$class_5526 (java.lang.ClassNotFoundException: net/minecraft/class_3218$class_5526)
[18:49:06] [main/WARN] (FabricLoader/Mixin) @Mixin target net/minecraft/class_3218$class_5526 was not found fabric-lifecycle-events-v1.mixins.json:ServerWorldServerEntityHandlerMixin from mod fabric-lifecycle-events-v1
[18:49:06] [main/DEBUG] (FabricLoader/Mixin) Preparing fabric-lifecycle-events-v1.client.mixins.json (6)
[18:49:06] [main/WARN] (FabricLoader/Mixin) Error loading class: net/minecraft/class_638$class_5612 (java.lang.ClassNotFoundException: net/minecraft/class_638$class_5612)
[18:49:06] [main/WARN] (FabricLoader/Mixin) @Mixin target net/minecraft/class_638$class_5612 was not found fabric-lifecycle-events-v1.client.mixins.json:ClientWorldClientEntityHandlerMixin from mod fabric-lifecycle-events-v1
[18:49:06] [main/DEBUG] (FabricLoader/Mixin) Preparing fabric-command-api-v2.mixins.json (5)
[18:49:06] [main/DEBUG] (FabricLoader/Mixin) Preparing fabric-command-api-v2.client.mixins.json (3)
[18:49:06] [main/DEBUG] (FabricLoader/Mixin) Preparing fabric-screen-handler-api-v1.mixins.json (2)
[18:49:06] [main/DEBUG] (FabricLoader/Mixin) Preparing fabric-content-registries-v0.mixins.json (14)
[18:49:06] [main/DEBUG] (FabricLoader/Mixin) Preparing fabric-models-v0.mixins.json (2)
[18:49:06] [main/DEBUG] (FabricLoader/Mixin) Preparing fabric-rendering-v1.mixins.json (14)
[18:49:06] [main/DEBUG] (FabricLoader/Mixin) Preparing fabric-resource-loader-v0.mixins.json (17)
[18:49:06] [main/DEBUG] (FabricLoader/Mixin) Preparing fabric-resource-loader-v0.client.mixins.json (6)
[18:49:06] [main/WARN] (FabricLoader/Mixin) Error loading class: net/minecraft/class_378$1 (java.lang.ClassNotFoundException: net/minecraft/class_378$1)
[18:49:06] [main/WARN] (FabricLoader/Mixin) @Mixin target net/minecraft/class_378$1 was not found fabric-resource-loader-v0.client.mixins.json:FontManagerMixin from mod fabric-resource-loader-v0
[18:49:06] [main/DEBUG] (FabricLoader/Mixin) Preparing fabric-object-builder-v1.mixins.json (8)
[18:49:06] [main/DEBUG] (FabricLoader/Mixin) Preparing fabric-object-builder-v1.client.mixins.json (4)
[18:49:06] [main/DEBUG] (FabricLoader/Mixin) Preparing fabric-blockrenderlayer-v1.mixins.json (1)
[18:49:06] [main/DEBUG] (FabricLoader/Mixin) Preparing fabric-entity-events-v1.mixins.json (8)
[18:49:06] [main/DEBUG] (FabricLoader/Mixin) Preparing fabric-entity-events-v1.client.mixins.json (1)
[18:49:06] [main/DEBUG] (FabricLoader/Mixin) Preparing fabric-mining-level-api-v1.mixins.json (3)
[18:49:06] [main/DEBUG] (FabricLoader/Mixin) Preparing fabric-item-groups-v0.mixins.json (1)
[18:49:06] [main/DEBUG] (FabricLoader/Mixin) Preparing fabric-item-groups-v0.client.mixins.json (2)
[18:49:06] [main/DEBUG] (FabricLoader/Mixin) Preparing fabric-rendering-data-attachment-v1.mixins.json (2)
[18:49:06] [main/DEBUG] (FabricLoader/Mixin) Preparing fabric-rendering-data-attachment-v1.client.mixins.json (2)
[18:49:06] [main/DEBUG] (FabricLoader/Mixin) Preparing fabric-item-api-v1.mixins.json (7)
[18:49:06] [main/DEBUG] (FabricLoader/Mixin) Preparing fabric-item-api-v1.client.mixins.json (3)
[18:49:06] [main/DEBUG] (FabricLoader/Mixin) Preparing fabric-particles-v1.client.mixins.json (3)
[18:49:06] [main/DEBUG] (FabricLoader/Mixin) Preparing fabric-dimensions-v1.mixins.json (3)
[18:49:06] [main/DEBUG] (FabricLoader/Mixin) Preparing fabric-key-binding-api-v1.mixins.json (2)
[18:49:06] [main/DEBUG] (FabricLoader/Mixin) Preparing fabric-transfer-api-v1.mixins.json (10)
[18:49:06] [main/DEBUG] (FabricLoader/Mixin) Preparing fabric-api-lookup-api-v1.mixins.json (2)
[18:49:06] [main/DEBUG] (FabricLoader/Mixin) Preparing fabric-biome-api-v1.mixins.json (9)
[18:49:06] [main/DEBUG] (FabricLoader/Mixin) Preparing fabric-block-api-v1.mixins.json (2)
[18:49:06] [main/DEBUG] (FabricLoader/Mixin) Registering new injector for @Inject with org.spongepowered.asm.mixin.injection.struct.CallbackInjectionInfo
[18:49:06] [main/DEBUG] (FabricLoader/Mixin) Registering new injector for @ModifyArg with org.spongepowered.asm.mixin.injection.struct.ModifyArgInjectionInfo
[18:49:06] [main/DEBUG] (FabricLoader/Mixin) Registering new injector for @ModifyArgs with org.spongepowered.asm.mixin.injection.struct.ModifyArgsInjectionInfo
[18:49:06] [main/DEBUG] (FabricLoader/Mixin) Registering new injector for @Redirect with org.spongepowered.asm.mixin.injection.struct.RedirectInjectionInfo
[18:49:06] [main/DEBUG] (FabricLoader/Mixin) Registering new injector for @ModifyVariable with org.spongepowered.asm.mixin.injection.struct.ModifyVariableInjectionInfo
[18:49:06] [main/DEBUG] (FabricLoader/Mixin) Registering new injector for @ModifyConstant with org.spongepowered.asm.mixin.injection.struct.ModifyConstantInjectionInfo
[18:49:07] [main/DEBUG] (FabricLoader/Mixin) Prepared 232 mixins in 1.260 sec (5.4ms avg) (0ms load, 0ms transform, 0ms plugin)
[18:49:07] [main/DEBUG] (io.netty.util.internal.logging.InternalLoggerFactory) Using SLF4J as the default logging framework
[18:49:07] [main/DEBUG] (io.netty.util.ResourceLeakDetector) -Dio.netty.leakDetection.level: simple
[18:49:07] [main/DEBUG] (io.netty.util.ResourceLeakDetector) -Dio.netty.leakDetection.targetRecords: 4
[18:49:08] [main/DEBUG] (FabricLoader/Mixin) Mixing SystemDetailsMixin from fabric-crash-report-info-v1.mixins.json into net.minecraft.util.SystemDetails
[18:49:08] [main/DEBUG] (FabricLoader/Mixin) fabric-crash-report-info-v1.mixins.json:SystemDetailsMixin from mod fabric-crash-report-info-v1: Class version 61 required is higher than the class version supported by the current version of Mixin (JAVA_16 supports class version 60)
[18:49:08] [main/ERROR] (FabricLoader/Mixin) Mixin apply for mod fabric-crash-report-info-v1 failed fabric-crash-report-info-v1.mixins.json:SystemDetailsMixin from mod fabric-crash-report-info-v1 -> net.minecraft.util.SystemDetails: org.spongepowered.asm.mixin.transformer.throwables.InvalidMixinException @Shadow method method_37123 in fabric-crash-report-info-v1.mixins.json:SystemDetailsMixin from mod fabric-crash-report-info-v1 was not located in the target class net.minecraft.util.SystemDetails. Using refmap fabric-crash-report-info-v1-refmap.json
org.spongepowered.asm.mixin.transformer.throwables.InvalidMixinException: @Shadow method method_37123 in fabric-crash-report-info-v1.mixins.json:SystemDetailsMixin from mod fabric-crash-report-info-v1 was not located in the target class net.minecraft.util.SystemDetails. Using refmap fabric-crash-report-info-v1-refmap.json
	at org.spongepowered.asm.mixin.transformer.MixinPreProcessorStandard.attachSpecialMethod(MixinPreProcessorStandard.java:436) ~[sponge-mixin-0.12.5+mixin.0.8.5.jar:0.12.5+mixin.0.8.5]
	at org.spongepowered.asm.mixin.transformer.MixinPreProcessorStandard.attachShadowMethod(MixinPreProcessorStandard.java:412) ~[sponge-mixin-0.12.5+mixin.0.8.5.jar:0.12.5+mixin.0.8.5]
	at org.spongepowered.asm.mixin.transformer.MixinPreProcessorStandard.attachMethods(MixinPreProcessorStandard.java:340) ~[sponge-mixin-0.12.5+mixin.0.8.5.jar:0.12.5+mixin.0.8.5]
	at org.spongepowered.asm.mixin.transformer.MixinPreProcessorStandard.attach(MixinPreProcessorStandard.java:299) ~[sponge-mixin-0.12.5+mixin.0.8.5.jar:0.12.5+mixin.0.8.5]
	at org.spongepowered.asm.mixin.transformer.MixinPreProcessorStandard.createContextFor(MixinPreProcessorStandard.java:277) ~[sponge-mixin-0.12.5+mixin.0.8.5.jar:0.12.5+mixin.0.8.5]
	at org.spongepowered.asm.mixin.transformer.MixinInfo.createContextFor(MixinInfo.java:1289) ~[sponge-mixin-0.12.5+mixin.0.8.5.jar:0.12.5+mixin.0.8.5]
	at org.spongepowered.asm.mixin.transformer.MixinApplicatorStandard.apply(MixinApplicatorStandard.java:294) ~[sponge-mixin-0.12.5+mixin.0.8.5.jar:0.12.5+mixin.0.8.5]
	at org.spongepowered.asm.mixin.transformer.TargetClassContext.apply(TargetClassContext.java:421) ~[sponge-mixin-0.12.5+mixin.0.8.5.jar:0.12.5+mixin.0.8.5]
	at org.spongepowered.asm.mixin.transformer.TargetClassContext.applyMixins(TargetClassContext.java:403) ~[sponge-mixin-0.12.5+mixin.0.8.5.jar:0.12.5+mixin.0.8.5]
	at org.spongepowered.asm.mixin.transformer.MixinProcessor.applyMixins(MixinProcessor.java:363) [sponge-mixin-0.12.5+mixin.0.8.5.jar:0.12.5+mixin.0.8.5]
	at org.spongepowered.asm.mixin.transformer.MixinTransformer.transformClass(MixinTransformer.java:234) [sponge-mixin-0.12.5+mixin.0.8.5.jar:0.12.5+mixin.0.8.5]
	at org.spongepowered.asm.mixin.transformer.MixinTransformer.transformClassBytes(MixinTransformer.java:202) [sponge-mixin-0.12.5+mixin.0.8.5.jar:0.12.5+mixin.0.8.5]
	at net.fabricmc.loader.impl.launch.knot.KnotClassDelegate.getPostMixinClassByteArray(KnotClassDelegate.java:422) [fabric-loader-0.14.21.jar:?]
	at net.fabricmc.loader.impl.launch.knot.KnotClassDelegate.tryLoadClass(KnotClassDelegate.java:323) [fabric-loader-0.14.21.jar:?]
	at net.fabricmc.loader.impl.launch.knot.KnotClassDelegate.loadClass(KnotClassDelegate.java:218) [fabric-loader-0.14.21.jar:?]
	at net.fabricmc.loader.impl.launch.knot.KnotClassLoader.loadClass(KnotClassLoader.java:112) [fabric-loader-0.14.21.jar:?]
	at java.lang.ClassLoader.loadClass(ClassLoader.java:521) [?:?]
	at net.minecraft.util.crash.CrashReport.<init>(CrashReport.java:34) [minecraft-merged-project-root-1.19.2-net.fabricmc.yarn.1_19_2.1.19.2+build.28-v2.jar:?]
	at net.minecraft.util.crash.CrashReport.initCrashReport(CrashReport.java:274) [minecraft-merged-project-root-1.19.2-net.fabricmc.yarn.1_19_2.1.19.2+build.28-v2.jar:?]
	at net.minecraft.client.main.Main.main(Main.java:159) [minecraft-merged-project-root-1.19.2-net.fabricmc.yarn.1_19_2.1.19.2+build.28-v2.jar:?]
	at net.minecraft.client.main.Main.main(Main.java:51) [minecraft-merged-project-root-1.19.2-net.fabricmc.yarn.1_19_2.1.19.2+build.28-v2.jar:?]
	at net.fabricmc.loader.impl.game.minecraft.MinecraftGameProvider.launch(MinecraftGameProvider.java:468) [fabric-loader-0.14.21.jar:?]
	at net.fabricmc.loader.impl.launch.knot.Knot.launch(Knot.java:74) [fabric-loader-0.14.21.jar:?]
	at net.fabricmc.loader.impl.launch.knot.KnotClient.main(KnotClient.java:23) [fabric-loader-0.14.21.jar:?]
	at net.fabricmc.devlaunchinjector.Main.main(Main.java:86) [dev-launch-injector-0.2.1+build.8.jar:?]
[18:49:08] [main/ERROR] (FabricLoader) Minecraft has crashed!
net.fabricmc.loader.impl.FormattedException: java.lang.RuntimeException: Mixin transformation of net.minecraft.util.SystemDetails failed
	at net.fabricmc.loader.impl.FormattedException.ofLocalized(FormattedException.java:63) ~[fabric-loader-0.14.21.jar:?]
	at net.fabricmc.loader.impl.game.minecraft.MinecraftGameProvider.launch(MinecraftGameProvider.java:470) ~[fabric-loader-0.14.21.jar:?]
	at net.fabricmc.loader.impl.launch.knot.Knot.launch(Knot.java:74) [fabric-loader-0.14.21.jar:?]
	at net.fabricmc.loader.impl.launch.knot.KnotClient.main(KnotClient.java:23) [fabric-loader-0.14.21.jar:?]
	at net.fabricmc.devlaunchinjector.Main.main(Main.java:86) [dev-launch-injector-0.2.1+build.8.jar:?]
Caused by: java.lang.RuntimeException: Mixin transformation of net.minecraft.util.SystemDetails failed
	at net.fabricmc.loader.impl.launch.knot.KnotClassDelegate.getPostMixinClassByteArray(KnotClassDelegate.java:427) ~[fabric-loader-0.14.21.jar:?]
	at net.fabricmc.loader.impl.launch.knot.KnotClassDelegate.tryLoadClass(KnotClassDelegate.java:323) ~[fabric-loader-0.14.21.jar:?]
	at net.fabricmc.loader.impl.launch.knot.KnotClassDelegate.loadClass(KnotClassDelegate.java:218) ~[fabric-loader-0.14.21.jar:?]
	at net.fabricmc.loader.impl.launch.knot.KnotClassLoader.loadClass(KnotClassLoader.java:112) ~[fabric-loader-0.14.21.jar:?]
	at java.lang.ClassLoader.loadClass(ClassLoader.java:521) ~[?:?]
	at net.minecraft.util.crash.CrashReport.<init>(CrashReport.java:34) ~[minecraft-merged-project-root-1.19.2-net.fabricmc.yarn.1_19_2.1.19.2+build.28-v2.jar:?]
	at net.minecraft.util.crash.CrashReport.initCrashReport(CrashReport.java:274) ~[minecraft-merged-project-root-1.19.2-net.fabricmc.yarn.1_19_2.1.19.2+build.28-v2.jar:?]
	at net.minecraft.client.main.Main.main(Main.java:159) ~[minecraft-merged-project-root-1.19.2-net.fabricmc.yarn.1_19_2.1.19.2+build.28-v2.jar:?]
	at net.minecraft.client.main.Main.main(Main.java:51) ~[minecraft-merged-project-root-1.19.2-net.fabricmc.yarn.1_19_2.1.19.2+build.28-v2.jar:?]
	at net.fabricmc.loader.impl.game.minecraft.MinecraftGameProvider.launch(MinecraftGameProvider.java:468) ~[fabric-loader-0.14.21.jar:?]
	... 3 more
Caused by: org.spongepowered.asm.mixin.transformer.throwables.MixinTransformerError: An unexpected critical error was encountered
	at org.spongepowered.asm.mixin.transformer.MixinProcessor.applyMixins(MixinProcessor.java:392) ~[sponge-mixin-0.12.5+mixin.0.8.5.jar:0.12.5+mixin.0.8.5]
	at org.spongepowered.asm.mixin.transformer.MixinTransformer.transformClass(MixinTransformer.java:234) ~[sponge-mixin-0.12.5+mixin.0.8.5.jar:0.12.5+mixin.0.8.5]
	at org.spongepowered.asm.mixin.transformer.MixinTransformer.transformClassBytes(MixinTransformer.java:202) ~[sponge-mixin-0.12.5+mixin.0.8.5.jar:0.12.5+mixin.0.8.5]
	at net.fabricmc.loader.impl.launch.knot.KnotClassDelegate.getPostMixinClassByteArray(KnotClassDelegate.java:422) ~[fabric-loader-0.14.21.jar:?]
	at net.fabricmc.loader.impl.launch.knot.KnotClassDelegate.tryLoadClass(KnotClassDelegate.java:323) ~[fabric-loader-0.14.21.jar:?]
	at net.fabricmc.loader.impl.launch.knot.KnotClassDelegate.loadClass(KnotClassDelegate.java:218) ~[fabric-loader-0.14.21.jar:?]
	at net.fabricmc.loader.impl.launch.knot.KnotClassLoader.loadClass(KnotClassLoader.java:112) ~[fabric-loader-0.14.21.jar:?]
	at java.lang.ClassLoader.loadClass(ClassLoader.java:521) ~[?:?]
	at net.minecraft.util.crash.CrashReport.<init>(CrashReport.java:34) ~[minecraft-merged-project-root-1.19.2-net.fabricmc.yarn.1_19_2.1.19.2+build.28-v2.jar:?]
	at net.minecraft.util.crash.CrashReport.initCrashReport(CrashReport.java:274) ~[minecraft-merged-project-root-1.19.2-net.fabricmc.yarn.1_19_2.1.19.2+build.28-v2.jar:?]
	at net.minecraft.client.main.Main.main(Main.java:159) ~[minecraft-merged-project-root-1.19.2-net.fabricmc.yarn.1_19_2.1.19.2+build.28-v2.jar:?]
	at net.minecraft.client.main.Main.main(Main.java:51) ~[minecraft-merged-project-root-1.19.2-net.fabricmc.yarn.1_19_2.1.19.2+build.28-v2.jar:?]
	at net.fabricmc.loader.impl.game.minecraft.MinecraftGameProvider.launch(MinecraftGameProvider.java:468) ~[fabric-loader-0.14.21.jar:?]
	... 3 more
Caused by: org.spongepowered.asm.mixin.throwables.MixinApplyError: Mixin [fabric-crash-report-info-v1.mixins.json:SystemDetailsMixin from mod fabric-crash-report-info-v1] from phase [DEFAULT] in config [fabric-crash-report-info-v1.mixins.json] FAILED during APPLY
	at org.spongepowered.asm.mixin.transformer.MixinProcessor.handleMixinError(MixinProcessor.java:638) ~[sponge-mixin-0.12.5+mixin.0.8.5.jar:0.12.5+mixin.0.8.5]
	at org.spongepowered.asm.mixin.transformer.MixinProcessor.handleMixinApplyError(MixinProcessor.java:589) ~[sponge-mixin-0.12.5+mixin.0.8.5.jar:0.12.5+mixin.0.8.5]
	at org.spongepowered.asm.mixin.transformer.MixinProcessor.applyMixins(MixinProcessor.java:379) ~[sponge-mixin-0.12.5+mixin.0.8.5.jar:0.12.5+mixin.0.8.5]
	at org.spongepowered.asm.mixin.transformer.MixinTransformer.transformClass(MixinTransformer.java:234) ~[sponge-mixin-0.12.5+mixin.0.8.5.jar:0.12.5+mixin.0.8.5]
	at org.spongepowered.asm.mixin.transformer.MixinTransformer.transformClassBytes(MixinTransformer.java:202) ~[sponge-mixin-0.12.5+mixin.0.8.5.jar:0.12.5+mixin.0.8.5]
	at net.fabricmc.loader.impl.launch.knot.KnotClassDelegate.getPostMixinClassByteArray(KnotClassDelegate.java:422) ~[fabric-loader-0.14.21.jar:?]
	at net.fabricmc.loader.impl.launch.knot.KnotClassDelegate.tryLoadClass(KnotClassDelegate.java:323) ~[fabric-loader-0.14.21.jar:?]
	at net.fabricmc.loader.impl.launch.knot.KnotClassDelegate.loadClass(KnotClassDelegate.java:218) ~[fabric-loader-0.14.21.jar:?]
	at net.fabricmc.loader.impl.launch.knot.KnotClassLoader.loadClass(KnotClassLoader.java:112) ~[fabric-loader-0.14.21.jar:?]
	at java.lang.ClassLoader.loadClass(ClassLoader.java:521) ~[?:?]
	at net.minecraft.util.crash.CrashReport.<init>(CrashReport.java:34) ~[minecraft-merged-project-root-1.19.2-net.fabricmc.yarn.1_19_2.1.19.2+build.28-v2.jar:?]
	at net.minecraft.util.crash.CrashReport.initCrashReport(CrashReport.java:274) ~[minecraft-merged-project-root-1.19.2-net.fabricmc.yarn.1_19_2.1.19.2+build.28-v2.jar:?]
	at net.minecraft.client.main.Main.main(Main.java:159) ~[minecraft-merged-project-root-1.19.2-net.fabricmc.yarn.1_19_2.1.19.2+build.28-v2.jar:?]
	at net.minecraft.client.main.Main.main(Main.java:51) ~[minecraft-merged-project-root-1.19.2-net.fabricmc.yarn.1_19_2.1.19.2+build.28-v2.jar:?]
	at net.fabricmc.loader.impl.game.minecraft.MinecraftGameProvider.launch(MinecraftGameProvider.java:468) ~[fabric-loader-0.14.21.jar:?]
	... 3 more
Caused by: org.spongepowered.asm.mixin.transformer.throwables.InvalidMixinException: @Shadow method method_37123 in fabric-crash-report-info-v1.mixins.json:SystemDetailsMixin from mod fabric-crash-report-info-v1 was not located in the target class net.minecraft.util.SystemDetails. Using refmap fabric-crash-report-info-v1-refmap.json
	at org.spongepowered.asm.mixin.transformer.MixinPreProcessorStandard.attachSpecialMethod(MixinPreProcessorStandard.java:436) ~[sponge-mixin-0.12.5+mixin.0.8.5.jar:0.12.5+mixin.0.8.5]
	at org.spongepowered.asm.mixin.transformer.MixinPreProcessorStandard.attachShadowMethod(MixinPreProcessorStandard.java:412) ~[sponge-mixin-0.12.5+mixin.0.8.5.jar:0.12.5+mixin.0.8.5]
	at org.spongepowered.asm.mixin.transformer.MixinPreProcessorStandard.attachMethods(MixinPreProcessorStandard.java:340) ~[sponge-mixin-0.12.5+mixin.0.8.5.jar:0.12.5+mixin.0.8.5]
	at org.spongepowered.asm.mixin.transformer.MixinPreProcessorStandard.attach(MixinPreProcessorStandard.java:299) ~[sponge-mixin-0.12.5+mixin.0.8.5.jar:0.12.5+mixin.0.8.5]
	at org.spongepowered.asm.mixin.transformer.MixinPreProcessorStandard.createContextFor(MixinPreProcessorStandard.java:277) ~[sponge-mixin-0.12.5+mixin.0.8.5.jar:0.12.5+mixin.0.8.5]
	at org.spongepowered.asm.mixin.transformer.MixinInfo.createContextFor(MixinInfo.java:1289) ~[sponge-mixin-0.12.5+mixin.0.8.5.jar:0.12.5+mixin.0.8.5]
	at org.spongepowered.asm.mixin.transformer.MixinApplicatorStandard.apply(MixinApplicatorStandard.java:294) ~[sponge-mixin-0.12.5+mixin.0.8.5.jar:0.12.5+mixin.0.8.5]
	at org.spongepowered.asm.mixin.transformer.TargetClassContext.apply(TargetClassContext.java:421) ~[sponge-mixin-0.12.5+mixin.0.8.5.jar:0.12.5+mixin.0.8.5]
	at org.spongepowered.asm.mixin.transformer.TargetClassContext.applyMixins(TargetClassContext.java:403) ~[sponge-mixin-0.12.5+mixin.0.8.5.jar:0.12.5+mixin.0.8.5]
	at org.spongepowered.asm.mixin.transformer.MixinProcessor.applyMixins(MixinProcessor.java:363) ~[sponge-mixin-0.12.5+mixin.0.8.5.jar:0.12.5+mixin.0.8.5]
	at org.spongepowered.asm.mixin.transformer.MixinTransformer.transformClass(MixinTransformer.java:234) ~[sponge-mixin-0.12.5+mixin.0.8.5.jar:0.12.5+mixin.0.8.5]
	at org.spongepowered.asm.mixin.transformer.MixinTransformer.transformClassBytes(MixinTransformer.java:202) ~[sponge-mixin-0.12.5+mixin.0.8.5.jar:0.12.5+mixin.0.8.5]
	at net.fabricmc.loader.impl.launch.knot.KnotClassDelegate.getPostMixinClassByteArray(KnotClassDelegate.java:422) ~[fabric-loader-0.14.21.jar:?]
	at net.fabricmc.loader.impl.launch.knot.KnotClassDelegate.tryLoadClass(KnotClassDelegate.java:323) ~[fabric-loader-0.14.21.jar:?]
	at net.fabricmc.loader.impl.launch.knot.KnotClassDelegate.loadClass(KnotClassDelegate.java:218) ~[fabric-loader-0.14.21.jar:?]
	at net.fabricmc.loader.impl.launch.knot.KnotClassLoader.loadClass(KnotClassLoader.java:112) ~[fabric-loader-0.14.21.jar:?]
	at java.lang.ClassLoader.loadClass(ClassLoader.java:521) ~[?:?]
	at net.minecraft.util.crash.CrashReport.<init>(CrashReport.java:34) ~[minecraft-merged-project-root-1.19.2-net.fabricmc.yarn.1_19_2.1.19.2+build.28-v2.jar:?]
	at net.minecraft.util.crash.CrashReport.initCrashReport(CrashReport.java:274) ~[minecraft-merged-project-root-1.19.2-net.fabricmc.yarn.1_19_2.1.19.2+build.28-v2.jar:?]
	at net.minecraft.client.main.Main.main(Main.java:159) ~[minecraft-merged-project-root-1.19.2-net.fabricmc.yarn.1_19_2.1.19.2+build.28-v2.jar:?]
	at net.minecraft.client.main.Main.main(Main.java:51) ~[minecraft-merged-project-root-1.19.2-net.fabricmc.yarn.1_19_2.1.19.2+build.28-v2.jar:?]
	at net.fabricmc.loader.impl.game.minecraft.MinecraftGameProvider.launch(MinecraftGameProvider.java:468) ~[fabric-loader-0.14.21.jar:?]
	... 3 more
