[20:09:49] [main/INFO] (FabricLoader/GameProvider) Loading Minecraft 1.19.2 with Fabric Loader 0.14.21
[20:09:49] [main/INFO] (FabricLoader) Loading 47 mods:
	- fabric-api 0.76.0+1.19.2
	- fabric-api-base 0.4.15+8f4e8eb390
	- fabric-api-lookup-api-v1 1.6.14+93d8cb8290
	- fabric-biome-api-v1 9.1.1+16f1e31390
	- fabric-block-api-v1 1.0.2+e415d50e90
	- fabric-blockrenderlayer-v1 1.1.25+cafc6e8e90
	- fabric-client-tags-api-v1 1.0.5+b35fea8390
	- fabric-command-api-v2 2.2.1+413cbbc790
	- fabric-content-registries-v0 3.5.2+7c6cd14d90
	- fabric-convention-tags-v1 1.3.0+4bc6e26290
	- fabric-crash-report-info-v1 0.2.8+aeb40ebe90
	- fabric-data-generation-api-v1 5.3.8+413cbbc790
	- fabric-dimensions-v1 2.1.35+0d0f210290
	- fabric-entity-events-v1 1.5.4+9244241690
	- fabric-events-interaction-v0 0.4.34+562bff6e90
	- fabric-game-rule-api-v1 1.0.24+b6b6abb490
	- fabric-gametest-api-v1 1.1.8+4d0d570390
	- fabric-item-api-v1 1.6.6+b7d1888890
	- fabric-item-groups-v0 0.3.39+9244241690
	- fabric-key-binding-api-v1 1.0.25+5c4fce2890
	- fabric-lifecycle-events-v1 2.2.4+1b46dc7890
	- fabric-loot-api-v2 1.1.13+83a8659290
	- fabric-message-api-v1 5.0.7+93d8cb8290
	- fabric-mining-level-api-v1 2.1.24+33fbc73890
	- fabric-models-v0 0.3.21+c6af733c90
	- fabric-networking-api-v1 1.2.11+10eb22f490
	- fabric-object-builder-api-v1 4.2.2+d8ef690890
	- fabric-particles-v1 1.0.14+4d0d570390
	- fabric-recipe-api-v1 1.0.1+413cbbc790
	- fabric-registry-sync-v0 0.9.32+9244241690
	- fabric-renderer-api-v1 1.2.1+1adbf27790
	- fabric-renderer-indigo 0.8.0+1adbf27790
	- fabric-rendering-data-attachment-v1 0.3.19+6e0787e690
	- fabric-rendering-fluids-v1 3.0.11+4d0d570390
	- fabric-rendering-v1 1.12.1+d8ef690890
	- fabric-resource-conditions-api-v1 2.1.2+aae9039d90
	- fabric-resource-loader-v0 0.8.4+edbdcddb90
	- fabric-screen-api-v1 1.0.32+4d0d570390
	- fabric-screen-handler-api-v1 1.3.7+1cc24b1b90
	- fabric-sound-api-v1 1.0.2+c4f28df590
	- fabric-textures-v0 1.0.24+aeb40ebe90
	- fabric-transfer-api-v1 2.1.6+413cbbc790
	- fabric-transitive-access-wideners-v1 1.3.3+08b73de490
	- fabricloader 0.14.21
	- java 19
	- minecraft 1.19.2
	- rings 0.0.1-1.19.2
[20:09:50] [main/INFO] (FabricLoader/Mixin) SpongePowered MIXIN Subsystem Version=0.8.5 Source=file:/C:/Users/asus/.gradle/caches/modules-2/files-2.1/net.fabricmc/sponge-mixin/0.12.5+mixin.0.8.5/8d31fb97c3e0cd7c8dad3441851c523bcfae6d8e/sponge-mixin-0.12.5+mixin.0.8.5.jar Service=Knot/Fabric Env=CLIENT
[20:09:50] [main/INFO] (FabricLoader/Mixin) Loaded Fabric development mappings for mixin remapper!
[20:09:50] [main/INFO] (FabricLoader/Mixin) Compatibility level set to JAVA_16
[20:09:50] [main/INFO] (FabricLoader/Mixin) Compatibility level set to JAVA_17
[20:10:04] [main/INFO] (Minecraft) Building optimized datafixer
[20:10:15] [Render thread/INFO] (Minecraft) Environment: authHost='https://authserver.mojang.com', accountsHost='https://api.mojang.com', sessionHost='https://sessionserver.mojang.com', servicesHost='https://api.minecraftservices.com', name='PROD'
[20:10:16] [Render thread/ERROR] (Minecraft) Failed to verify authentication
com.mojang.authlib.exceptions.InvalidCredentialsException: Status: 401
	at com.mojang.authlib.exceptions.MinecraftClientHttpException.toAuthenticationException(MinecraftClientHttpException.java:56) ~[authlib-3.11.49.jar:?]
	at com.mojang.authlib.yggdrasil.YggdrasilUserApiService.fetchProperties(YggdrasilUserApiService.java:155) ~[authlib-3.11.49.jar:?]
	at com.mojang.authlib.yggdrasil.YggdrasilUserApiService.<init>(YggdrasilUserApiService.java:55) ~[authlib-3.11.49.jar:?]
	at com.mojang.authlib.yggdrasil.YggdrasilAuthenticationService.createUserApiService(YggdrasilAuthenticationService.java:161) ~[authlib-3.11.49.jar:?]
	at net.minecraft.client.MinecraftClient.createUserApiService(MinecraftClient.java:711) [minecraft-merged-project-root-1.19.2-net.fabricmc.yarn.1_19_2.1.19.2+build.28-v2.jar:?]
	at net.minecraft.client.MinecraftClient.<init>(MinecraftClient.java:431) [minecraft-merged-project-root-1.19.2-net.fabricmc.yarn.1_19_2.1.19.2+build.28-v2.jar:?]
	at net.minecraft.client.main.Main.main(Main.java:205) [minecraft-merged-project-root-1.19.2-net.fabricmc.yarn.1_19_2.1.19.2+build.28-v2.jar:?]
	at net.minecraft.client.main.Main.main(Main.java:51) [minecraft-merged-project-root-1.19.2-net.fabricmc.yarn.1_19_2.1.19.2+build.28-v2.jar:?]
	at net.fabricmc.loader.impl.game.minecraft.MinecraftGameProvider.launch(MinecraftGameProvider.java:468) [fabric-loader-0.14.21.jar:?]
	at net.fabricmc.loader.impl.launch.knot.Knot.launch(Knot.java:74) [fabric-loader-0.14.21.jar:?]
	at net.fabricmc.loader.impl.launch.knot.KnotClient.main(KnotClient.java:23) [fabric-loader-0.14.21.jar:?]
	at net.fabricmc.devlaunchinjector.Main.main(Main.java:86) [dev-launch-injector-0.2.1+build.8.jar:?]
Caused by: com.mojang.authlib.exceptions.MinecraftClientHttpException: Status: 401
	at com.mojang.authlib.minecraft.client.MinecraftClient.readInputStream(MinecraftClient.java:87) ~[authlib-3.11.49.jar:?]
	at com.mojang.authlib.minecraft.client.MinecraftClient.get(MinecraftClient.java:48) ~[authlib-3.11.49.jar:?]
	at com.mojang.authlib.yggdrasil.YggdrasilUserApiService.fetchProperties(YggdrasilUserApiService.java:129) ~[authlib-3.11.49.jar:?]
	... 10 more
[20:10:16] [Render thread/INFO] (Minecraft) Setting user: Player69
[20:10:17] [Render thread/INFO] (Indigo) [Indigo] Registering Indigo renderer!
[20:10:19] [Render thread/INFO] (Minecraft) Backend library: LWJGL version 3.3.2-snapshot
[20:10:24] [Worker-Main-8/ERROR] (Minecraft) Failed to retrieve profile key pair
java.io.IOException: Could not retrieve profile key pair
	at net.minecraft.client.util.ProfileKeys.fetchKeyPair(ProfileKeys.java:130) ~[minecraft-merged-project-root-1.19.2-net.fabricmc.yarn.1_19_2.1.19.2+build.28-v2.jar:?]
	at net.minecraft.client.util.ProfileKeys.method_44291(ProfileKeys.java:69) ~[minecraft-merged-project-root-1.19.2-net.fabricmc.yarn.1_19_2.1.19.2+build.28-v2.jar:?]
	at java.util.concurrent.CompletableFuture$AsyncSupply.run(CompletableFuture.java:1768) [?:?]
	at java.util.concurrent.CompletableFuture$AsyncSupply.exec(CompletableFuture.java:1760) [?:?]
	at java.util.concurrent.ForkJoinTask.doExec(ForkJoinTask.java:387) [?:?]
	at java.util.concurrent.ForkJoinPool$WorkQueue.topLevelExec(ForkJoinPool.java:1311) [?:?]
	at java.util.concurrent.ForkJoinPool.scan(ForkJoinPool.java:1841) [?:?]
	at java.util.concurrent.ForkJoinPool.runWorker(ForkJoinPool.java:1806) [?:?]
	at java.util.concurrent.ForkJoinWorkerThread.run(ForkJoinWorkerThread.java:177) [?:?]
[20:10:24] [Render thread/INFO] (Minecraft) Reloading ResourceManager: Default, Fabric Mods (Fabric Command API (v2), Fabric Content Registries (v0), Fabric Dimensions API (v1), Fabric Particles (v1), Fabric API, Fabric Registry Sync (v0), Fabric Rendering (v1), Fabric Networking API (v1), Fabric Recipe API (v1), Fabric Textures (v0), Fabric Data Generation API (v1), Fabric API Lookup API (v1), Fabric Biome API (v1), Fabric API Base, Fabric Mining Level API (v1), Fabric Sound API (v1), Fabric Client Tags, Fabric Message API (v1), Fabric Models (v0), Fabric Transfer API (v1), Fabric Key Binding API (v1), Fabric Renderer API (v1), Fabric Block API (v1), Fabric Lifecycle Events (v1), Fabric Events Interaction (v0), Fabric Item Groups (v0), Fabric Convention Tags, Fabric Item API (v1), Fabric Transitive Access Wideners (v1), Fabric Resource Conditions API (v1), Fabric BlockRenderLayer Registration (v1), Fabric Resource Loader (v0), Fabric Entity Events (v1), Fabric Crash Report Info (v1), Fabric Object Builder API (v1), Fabric Game Rule API (v1), Fabric Screen Handler API (v1), Fabric Loader, Fabric Game Test API (v1), Fabric Screen API (v1), Fabric Renderer - Indigo, Fabric Rendering Data Attachment (v1), Fabric Loot API (v2), Rings, Fabric Rendering Fluids (v1))
[20:10:27] [Realms Notification Availability checker #1/INFO] (Minecraft) Could not authorize you against Realms server: Invalid session id
[20:10:31] [Render thread/WARN] (Minecraft) Missing sound for event: minecraft:item.goat_horn.play
[20:10:31] [Render thread/WARN] (Minecraft) Missing sound for event: minecraft:entity.goat.screaming.horn_break
[20:10:32] [Render thread/INFO] (Minecraft) OpenAL initialized on device OpenAL Soft on Speakers (Conexant SmartAudio HD)
[20:10:32] [Render thread/INFO] (Minecraft) Sound engine started
[20:10:33] [Render thread/INFO] (Minecraft) Created: 1024x1024x4 minecraft:textures/atlas/blocks.png-atlas
[20:10:33] [Render thread/INFO] (Minecraft) Created: 256x128x4 minecraft:textures/atlas/signs.png-atlas
[20:10:33] [Render thread/INFO] (Minecraft) Created: 1024x512x4 minecraft:textures/atlas/banner_patterns.png-atlas
[20:10:33] [Render thread/INFO] (Minecraft) Created: 1024x512x4 minecraft:textures/atlas/shield_patterns.png-atlas
[20:10:33] [Render thread/INFO] (Minecraft) Created: 256x256x4 minecraft:textures/atlas/chest.png-atlas
[20:10:33] [Render thread/INFO] (Minecraft) Created: 512x256x4 minecraft:textures/atlas/beds.png-atlas
[20:10:33] [Render thread/INFO] (Minecraft) Created: 512x256x4 minecraft:textures/atlas/shulker_boxes.png-atlas
[20:10:36] [Render thread/WARN] (Minecraft) Shader rendertype_entity_translucent_emissive could not find sampler named Sampler2 in the specified shader program.
[20:10:37] [Render thread/INFO] (Minecraft) Created: 512x256x0 minecraft:textures/atlas/particles.png-atlas
[20:10:37] [Render thread/INFO] (Minecraft) Created: 256x256x0 minecraft:textures/atlas/paintings.png-atlas
[20:10:37] [Render thread/INFO] (Minecraft) Created: 256x128x0 minecraft:textures/atlas/mob_effects.png-atlas
[20:10:50] [Render thread/INFO] (Minecraft) Loaded 7 recipes
[20:10:51] [Render thread/INFO] (Minecraft) Loaded 1179 advancements
[20:10:54] [Worker-Main-10/ERROR] (Minecraft) Failed to retrieve profile key pair
java.io.IOException: Could not retrieve profile key pair
	at net.minecraft.client.util.ProfileKeys.fetchKeyPair(ProfileKeys.java:130) ~[minecraft-merged-project-root-1.19.2-net.fabricmc.yarn.1_19_2.1.19.2+build.28-v2.jar:?]
	at net.minecraft.client.util.ProfileKeys.method_44291(ProfileKeys.java:69) ~[minecraft-merged-project-root-1.19.2-net.fabricmc.yarn.1_19_2.1.19.2+build.28-v2.jar:?]
	at java.util.concurrent.CompletableFuture$AsyncSupply.run(CompletableFuture.java:1768) [?:?]
	at java.util.concurrent.CompletableFuture$AsyncSupply.exec(CompletableFuture.java:1760) [?:?]
	at java.util.concurrent.ForkJoinTask.doExec(ForkJoinTask.java:387) [?:?]
	at java.util.concurrent.ForkJoinPool$WorkQueue.topLevelExec(ForkJoinPool.java:1311) [?:?]
	at java.util.concurrent.ForkJoinPool.scan(ForkJoinPool.java:1841) [?:?]
	at java.util.concurrent.ForkJoinPool.runWorker(ForkJoinPool.java:1806) [?:?]
	at java.util.concurrent.ForkJoinWorkerThread.run(ForkJoinWorkerThread.java:177) [?:?]
[20:10:54] [Render thread/INFO] (BiomeModificationImpl) Applied 0 biome modifications to 0 of 63 new biomes in 8.945 ms
[20:10:54] [Server thread/INFO] (Minecraft) Starting integrated minecraft server version 1.19.2
[20:10:54] [Server thread/INFO] (Minecraft) Generating keypair
[20:10:55] [Server thread/INFO] (Minecraft) Preparing start region for dimension minecraft:overworld
[20:11:02] [Render thread/INFO] (Minecraft) Preparing spawn area: 0%
[20:11:02] [Render thread/INFO] (Minecraft) Preparing spawn area: 0%
[20:11:02] [Render thread/INFO] (Minecraft) Preparing spawn area: 0%
[20:11:02] [Render thread/INFO] (Minecraft) Preparing spawn area: 0%
[20:11:02] [Render thread/INFO] (Minecraft) Preparing spawn area: 0%
[20:11:02] [Render thread/INFO] (Minecraft) Preparing spawn area: 0%
[20:11:02] [Render thread/INFO] (Minecraft) Preparing spawn area: 0%
[20:11:02] [Render thread/INFO] (Minecraft) Preparing spawn area: 0%
[20:11:02] [Render thread/INFO] (Minecraft) Preparing spawn area: 0%
[20:11:02] [Render thread/INFO] (Minecraft) Preparing spawn area: 0%
[20:11:02] [Render thread/INFO] (Minecraft) Preparing spawn area: 0%
[20:11:02] [Render thread/INFO] (Minecraft) Preparing spawn area: 0%
[20:11:02] [Render thread/INFO] (Minecraft) Preparing spawn area: 0%
[20:11:02] [Render thread/INFO] (Minecraft) Preparing spawn area: 0%
[20:11:03] [Render thread/INFO] (Minecraft) Preparing spawn area: 0%
[20:11:03] [Render thread/INFO] (Minecraft) Preparing spawn area: 0%
[20:11:03] [Render thread/INFO] (Minecraft) Preparing spawn area: 0%
[20:11:04] [Render thread/INFO] (Minecraft) Preparing spawn area: 0%
[20:11:04] [Render thread/INFO] (Minecraft) Preparing spawn area: 0%
[20:11:05] [Render thread/INFO] (Minecraft) Preparing spawn area: 10%
[20:11:05] [Render thread/INFO] (Minecraft) Preparing spawn area: 18%
[20:11:06] [Render thread/INFO] (Minecraft) Preparing spawn area: 83%
[20:11:08] [Render thread/INFO] (Minecraft) Time elapsed: 12298 ms
[20:11:08] [Server thread/INFO] (Minecraft) Changing view distance to 2, from 10
[20:11:08] [Server thread/INFO] (Minecraft) Changing simulation distance to 5, from 0
[20:11:16] [Server thread/INFO] (Minecraft) Player69[local:E:1f7768a7] logged in with entity id 22 at (11.573841367223226, -60.0, -9.976241621803121)
[20:11:16] [Server thread/INFO] (Minecraft) Player69 joined the game
[20:11:21] [Render thread/INFO] (Minecraft) Loaded 0 advancements
[20:11:37] [Worker-Main-14/WARN] (Minecraft) Couldn't look up profile properties for com.mojang.authlib.GameProfile@28d6d2bc[id=eee10812-13cd-3f90-b77f-2195c9c5b71e,name=Player69,properties={},legacy=false]
com.mojang.authlib.exceptions.AuthenticationUnavailableException: Cannot contact authentication server
	at com.mojang.authlib.yggdrasil.YggdrasilAuthenticationService.makeRequest(YggdrasilAuthenticationService.java:134) ~[authlib-3.11.49.jar:?]
	at com.mojang.authlib.yggdrasil.YggdrasilAuthenticationService.makeRequest(YggdrasilAuthenticationService.java:106) ~[authlib-3.11.49.jar:?]
	at com.mojang.authlib.yggdrasil.YggdrasilMinecraftSessionService.fillGameProfile(YggdrasilMinecraftSessionService.java:197) ~[authlib-3.11.49.jar:?]
	at com.mojang.authlib.yggdrasil.YggdrasilMinecraftSessionService$1.load(YggdrasilMinecraftSessionService.java:64) ~[authlib-3.11.49.jar:?]
	at com.mojang.authlib.yggdrasil.YggdrasilMinecraftSessionService$1.load(YggdrasilMinecraftSessionService.java:61) ~[authlib-3.11.49.jar:?]
	at com.google.common.cache.LocalCache$LoadingValueReference.loadFuture(LocalCache.java:3533) ~[guava-31.0.1-jre.jar:?]
	at com.google.common.cache.LocalCache$Segment.loadSync(LocalCache.java:2282) ~[guava-31.0.1-jre.jar:?]
	at com.google.common.cache.LocalCache$Segment.lockedGetOrLoad(LocalCache.java:2159) ~[guava-31.0.1-jre.jar:?]
	at com.google.common.cache.LocalCache$Segment.get(LocalCache.java:2049) ~[guava-31.0.1-jre.jar:?]
	at com.google.common.cache.LocalCache.get(LocalCache.java:3966) ~[guava-31.0.1-jre.jar:?]
	at com.google.common.cache.LocalCache.getOrLoad(LocalCache.java:3989) ~[guava-31.0.1-jre.jar:?]
	at com.google.common.cache.LocalCache$LocalLoadingCache.get(LocalCache.java:4950) ~[guava-31.0.1-jre.jar:?]
	at com.google.common.cache.LocalCache$LocalLoadingCache.getUnchecked(LocalCache.java:4956) ~[guava-31.0.1-jre.jar:?]
	at com.mojang.authlib.yggdrasil.YggdrasilMinecraftSessionService.fillProfileProperties(YggdrasilMinecraftSessionService.java:172) ~[authlib-3.11.49.jar:?]
	at net.minecraft.client.MinecraftClient.getSessionProperties(MinecraftClient.java:2449) ~[minecraft-merged-project-root-1.19.2-net.fabricmc.yarn.1_19_2.1.19.2+build.28-v2.jar:?]
	at net.minecraft.client.texture.PlayerSkinProvider.method_4653(PlayerSkinProvider.java:107) ~[minecraft-merged-project-root-1.19.2-net.fabricmc.yarn.1_19_2.1.19.2+build.28-v2.jar:?]
	at java.util.concurrent.ForkJoinTask$RunnableExecuteAction.exec(ForkJoinTask.java:1423) [?:?]
	at java.util.concurrent.ForkJoinTask.doExec(ForkJoinTask.java:387) [?:?]
	at java.util.concurrent.ForkJoinPool$WorkQueue.topLevelExec(ForkJoinPool.java:1311) [?:?]
	at java.util.concurrent.ForkJoinPool.scan(ForkJoinPool.java:1841) [?:?]
	at java.util.concurrent.ForkJoinPool.runWorker(ForkJoinPool.java:1806) [?:?]
	at java.util.concurrent.ForkJoinWorkerThread.run(ForkJoinWorkerThread.java:177) [?:?]
Caused by: java.net.SocketTimeoutException: Connect timed out
	at sun.nio.ch.NioSocketImpl.timedFinishConnect(NioSocketImpl.java:539) ~[?:?]
	at sun.nio.ch.NioSocketImpl.connect(NioSocketImpl.java:585) ~[?:?]
	at java.net.SocksSocketImpl.connect(SocksSocketImpl.java:327) ~[?:?]
	at java.net.Socket.connect(Socket.java:666) ~[?:?]
	at sun.security.ssl.SSLSocketImpl.connect(SSLSocketImpl.java:304) ~[?:?]
	at sun.net.NetworkClient.doConnect(NetworkClient.java:178) ~[?:?]
	at sun.net.www.http.HttpClient.openServer(HttpClient.java:531) ~[?:?]
	at sun.net.www.http.HttpClient.openServer(HttpClient.java:636) ~[?:?]
	at sun.net.www.protocol.https.HttpsClient.<init>(HttpsClient.java:264) ~[?:?]
	at sun.net.www.protocol.https.HttpsClient.New(HttpsClient.java:378) ~[?:?]
	at sun.net.www.protocol.https.AbstractDelegateHttpsURLConnection.getNewHttpClient(AbstractDelegateHttpsURLConnection.java:193) ~[?:?]
	at sun.net.www.protocol.http.HttpURLConnection.plainConnect0(HttpURLConnection.java:1286) ~[?:?]
	at sun.net.www.protocol.http.HttpURLConnection.plainConnect(HttpURLConnection.java:1127) ~[?:?]
	at sun.net.www.protocol.https.AbstractDelegateHttpsURLConnection.connect(AbstractDelegateHttpsURLConnection.java:179) ~[?:?]
	at sun.net.www.protocol.http.HttpURLConnection.getInputStream0(HttpURLConnection.java:1661) ~[?:?]
	at sun.net.www.protocol.http.HttpURLConnection.getInputStream(HttpURLConnection.java:1585) ~[?:?]
	at sun.net.www.protocol.https.HttpsURLConnectionImpl.getInputStream(HttpsURLConnectionImpl.java:224) ~[?:?]
	at com.mojang.authlib.HttpAuthenticationService.performGetRequest(HttpAuthenticationService.java:140) ~[authlib-3.11.49.jar:?]
	at com.mojang.authlib.yggdrasil.YggdrasilAuthenticationService.makeRequest(YggdrasilAuthenticationService.java:111) ~[authlib-3.11.49.jar:?]
	... 21 more
[20:12:24] [Worker-Bootstrap-6/INFO] (Minecraft) 4283 Datafixer optimizations took 139673 milliseconds
[20:14:02] [Server thread/INFO] (Minecraft) Saving and pausing game...
[20:14:02] [Server thread/INFO] (Minecraft) Saving chunks for level 'ServerLevel[New World]'/minecraft:overworld
[20:14:02] [Server thread/INFO] (Minecraft) Saving chunks for level 'ServerLevel[New World]'/minecraft:the_end
[20:14:02] [Server thread/INFO] (Minecraft) Saving chunks for level 'ServerLevel[New World]'/minecraft:the_nether
[20:14:04] [Render thread/INFO] (Minecraft) [System] [CHAT] [Debug]: Reloaded resource packs
[20:14:04] [Render thread/INFO] (Minecraft) Reloading ResourceManager: Default, Fabric Mods (Fabric Command API (v2), Fabric Content Registries (v0), Fabric Dimensions API (v1), Fabric Particles (v1), Fabric API, Fabric Registry Sync (v0), Fabric Rendering (v1), Fabric Networking API (v1), Fabric Recipe API (v1), Fabric Textures (v0), Fabric Data Generation API (v1), Fabric API Lookup API (v1), Fabric Biome API (v1), Fabric API Base, Fabric Mining Level API (v1), Fabric Sound API (v1), Fabric Client Tags, Fabric Message API (v1), Fabric Models (v0), Fabric Transfer API (v1), Fabric Key Binding API (v1), Fabric Renderer API (v1), Fabric Block API (v1), Fabric Lifecycle Events (v1), Fabric Events Interaction (v0), Fabric Item Groups (v0), Fabric Convention Tags, Fabric Item API (v1), Fabric Transitive Access Wideners (v1), Fabric Resource Conditions API (v1), Fabric BlockRenderLayer Registration (v1), Fabric Resource Loader (v0), Fabric Entity Events (v1), Fabric Crash Report Info (v1), Fabric Object Builder API (v1), Fabric Game Rule API (v1), Fabric Screen Handler API (v1), Fabric Loader, Fabric Game Test API (v1), Fabric Screen API (v1), Fabric Renderer - Indigo, Fabric Rendering Data Attachment (v1), Fabric Loot API (v2), Rings, Fabric Rendering Fluids (v1))
[20:14:04] [Server thread/INFO] (Minecraft) Saving and pausing game...
[20:14:04] [Server thread/INFO] (Minecraft) Saving chunks for level 'ServerLevel[New World]'/minecraft:overworld
[20:14:04] [Server thread/INFO] (Minecraft) Saving chunks for level 'ServerLevel[New World]'/minecraft:the_end
[20:14:04] [Server thread/INFO] (Minecraft) Saving chunks for level 'ServerLevel[New World]'/minecraft:the_nether
[20:14:06] [Render thread/WARN] (Minecraft) Missing sound for event: minecraft:item.goat_horn.play
[20:14:06] [Render thread/WARN] (Minecraft) Missing sound for event: minecraft:entity.goat.screaming.horn_break
[20:14:06] [Render thread/INFO] (Minecraft) OpenAL initialized on device OpenAL Soft on Speakers (Conexant SmartAudio HD)
[20:14:06] [Render thread/INFO] (Minecraft) Sound engine started
[20:14:06] [Render thread/INFO] (Minecraft) Created: 1024x1024x4 minecraft:textures/atlas/blocks.png-atlas
[20:14:06] [Render thread/INFO] (Minecraft) Created: 256x128x4 minecraft:textures/atlas/signs.png-atlas
[20:14:06] [Render thread/INFO] (Minecraft) Created: 1024x512x4 minecraft:textures/atlas/banner_patterns.png-atlas
[20:14:07] [Render thread/INFO] (Minecraft) Created: 1024x512x4 minecraft:textures/atlas/shield_patterns.png-atlas
[20:14:07] [Render thread/INFO] (Minecraft) Created: 256x256x4 minecraft:textures/atlas/chest.png-atlas
[20:14:07] [Render thread/INFO] (Minecraft) Created: 512x256x4 minecraft:textures/atlas/beds.png-atlas
[20:14:07] [Render thread/INFO] (Minecraft) Created: 512x256x4 minecraft:textures/atlas/shulker_boxes.png-atlas
[20:14:07] [Render thread/WARN] (Minecraft) Shader rendertype_entity_translucent_emissive could not find sampler named Sampler2 in the specified shader program.
[20:14:08] [Render thread/INFO] (Minecraft) Created: 512x256x0 minecraft:textures/atlas/particles.png-atlas
[20:14:08] [Render thread/INFO] (Minecraft) Created: 256x256x0 minecraft:textures/atlas/paintings.png-atlas
[20:14:08] [Render thread/INFO] (Minecraft) Created: 256x128x0 minecraft:textures/atlas/mob_effects.png-atlas
[20:30:53] [Render thread/INFO] (Minecraft) Stopping!
[20:30:53] [Server thread/INFO] (Minecraft) Player69 lost connection: Disconnected
[20:30:53] [Server thread/INFO] (Minecraft) Player69 left the game
[20:30:53] [Server thread/INFO] (Minecraft) Stopping singleplayer server as player logged out
[20:30:53] [Server thread/INFO] (Minecraft) Stopping server
[20:30:53] [Server thread/INFO] (Minecraft) Saving players
[20:30:53] [Server thread/INFO] (Minecraft) Saving worlds
[20:30:56] [Server thread/INFO] (Minecraft) Saving chunks for level 'ServerLevel[New World]'/minecraft:overworld
[20:30:56] [Server thread/INFO] (Minecraft) Saving chunks for level 'ServerLevel[New World]'/minecraft:the_end
[20:30:56] [Server thread/INFO] (Minecraft) Saving chunks for level 'ServerLevel[New World]'/minecraft:the_nether
[20:30:56] [Server thread/INFO] (Minecraft) ThreadedAnvilChunkStorage (New World): All chunks are saved
[20:30:56] [Server thread/INFO] (Minecraft) ThreadedAnvilChunkStorage (DIM1): All chunks are saved
[20:30:56] [Server thread/INFO] (Minecraft) ThreadedAnvilChunkStorage (DIM-1): All chunks are saved
[20:30:56] [Server thread/INFO] (Minecraft) ThreadedAnvilChunkStorage: All dimensions are saved
